[01m[K/home/kgh/GITHUB/ROBIT_ROS2_HW/DAY1/turtlesim_cli/src/turtlesim_cli.cpp:[m[K In member function ‘[01m[Kvoid TurtleSimCLI::set_background_color()[m[K’:
[01m[K/home/kgh/GITHUB/ROBIT_ROS2_HW/DAY1/turtlesim_cli/src/turtlesim_cli.cpp:87:77:[m[K [01;31m[Kerror: [m[Kreference to ‘[01m[Kshared_from_this[m[K’ is ambiguous
   87 | t = std::make_shared<rclcpp::AsyncParametersClient>([01;31m[Kshared_from_this[m[K(), "turtlesim");
      |                                                     [01;31m[K^~~~~~~~~~~~~~~~[m[K

In file included from [01m[K/usr/include/c++/11/memory:77[m[K,
                 from [01m[K/opt/ros/humble/include/rclcpp/rclcpp/rclcpp.hpp:153[m[K,
                 from [01m[K/home/kgh/GITHUB/ROBIT_ROS2_HW/DAY1/turtlesim_cli/include/turtlesim_cli.hpp:4[m[K,
                 from [01m[K/home/kgh/GITHUB/ROBIT_ROS2_HW/DAY1/turtlesim_cli/src/turtlesim_cli.cpp:1[m[K:
[01m[K/usr/include/c++/11/bits/shared_ptr.h:811:7:[m[K [01;36m[Knote: [m[Kcandidates are: ‘[01m[Kstd::shared_ptr<const _Tp> std::enable_shared_from_this<_Tp>::shared_from_this() const [with _Tp = TurtleSimCLI][m[K’
  811 |       [01;36m[Kshared_from_this[m[K() const
      |       [01;36m[K^~~~~~~~~~~~~~~~[m[K
[01m[K/usr/include/c++/11/bits/shared_ptr.h:807:7:[m[K [01;36m[Knote: [m[K                ‘[01m[Kstd::shared_ptr<_Tp> std::enable_shared_from_this<_Tp>::shared_from_this() [with _Tp = TurtleSimCLI][m[K’
  807 |       [01;36m[Kshared_from_this[m[K()
      |       [01;36m[K^~~~~~~~~~~~~~~~[m[K
[01m[K/usr/include/c++/11/bits/shared_ptr.h:811:7:[m[K [01;36m[Knote: [m[K                ‘[01m[Kstd::shared_ptr<const _Tp> std::enable_shared_from_this<_Tp>::shared_from_this() const [with _Tp = rclcpp::Node][m[K’
  811 |       [01;36m[Kshared_from_this[m[K() const
      |       [01;36m[K^~~~~~~~~~~~~~~~[m[K
[01m[K/usr/include/c++/11/bits/shared_ptr.h:807:7:[m[K [01;36m[Knote: [m[K                ‘[01m[Kstd::shared_ptr<_Tp> std::enable_shared_from_this<_Tp>::shared_from_this() [with _Tp = rclcpp::Node][m[K’
  807 |       [01;36m[Kshared_from_this[m[K()
      |       [01;36m[K^~~~~~~~~~~~~~~~[m[K
[01m[K/home/kgh/GITHUB/ROBIT_ROS2_HW/DAY1/turtlesim_cli/src/turtlesim_cli.cpp:99:88:[m[K [01;31m[Kerror: [m[Kreference to ‘[01m[Kshared_from_this[m[K’ is ambiguous
   99 | re_complete(std::dynamic_pointer_cast<TurtleSimCLI>([01;31m[Kshared_from_this[m[K()), result) == rclcpp::FutureReturnCode::SUCCESS) {
      |                                                     [01;31m[K^~~~~~~~~~~~~~~~[m[K

In file included from [01m[K/usr/include/c++/11/memory:77[m[K,
                 from [01m[K/opt/ros/humble/include/rclcpp/rclcpp/rclcpp.hpp:153[m[K,
                 from [01m[K/home/kgh/GITHUB/ROBIT_ROS2_HW/DAY1/turtlesim_cli/include/turtlesim_cli.hpp:4[m[K,
                 from [01m[K/home/kgh/GITHUB/ROBIT_ROS2_HW/DAY1/turtlesim_cli/src/turtlesim_cli.cpp:1[m[K:
[01m[K/usr/include/c++/11/bits/shared_ptr.h:811:7:[m[K [01;36m[Knote: [m[Kcandidates are: ‘[01m[Kstd::shared_ptr<const _Tp> std::enable_shared_from_this<_Tp>::shared_from_this() const [with _Tp = TurtleSimCLI][m[K’
  811 |       [01;36m[Kshared_from_this[m[K() const
      |       [01;36m[K^~~~~~~~~~~~~~~~[m[K
[01m[K/usr/include/c++/11/bits/shared_ptr.h:807:7:[m[K [01;36m[Knote: [m[K                ‘[01m[Kstd::shared_ptr<_Tp> std::enable_shared_from_this<_Tp>::shared_from_this() [with _Tp = TurtleSimCLI][m[K’
  807 |       [01;36m[Kshared_from_this[m[K()
      |       [01;36m[K^~~~~~~~~~~~~~~~[m[K
[01m[K/usr/include/c++/11/bits/shared_ptr.h:811:7:[m[K [01;36m[Knote: [m[K                ‘[01m[Kstd::shared_ptr<const _Tp> std::enable_shared_from_this<_Tp>::shared_from_this() const [with _Tp = rclcpp::Node][m[K’
  811 |       [01;36m[Kshared_from_this[m[K() const
      |       [01;36m[K^~~~~~~~~~~~~~~~[m[K
[01m[K/usr/include/c++/11/bits/shared_ptr.h:807:7:[m[K [01;36m[Knote: [m[K                ‘[01m[Kstd::shared_ptr<_Tp> std::enable_shared_from_this<_Tp>::shared_from_this() [with _Tp = rclcpp::Node][m[K’
  807 |       [01;36m[Kshared_from_this[m[K()
      |       [01;36m[K^~~~~~~~~~~~~~~~[m[K
[01m[K/home/kgh/GITHUB/ROBIT_ROS2_HW/DAY1/turtlesim_cli/src/turtlesim_cli.cpp:[m[K In member function ‘[01m[Kvoid TurtleSimCLI::setPen()[m[K’:
[01m[K/home/kgh/GITHUB/ROBIT_ROS2_HW/DAY1/turtlesim_cli/src/turtlesim_cli.cpp:156:84:[m[K [01;31m[Kerror: [m[Kreference to ‘[01m[Kshared_from_this[m[K’ is ambiguous
  156 | re_complete(std::dynamic_pointer_cast<TurtleSimCLI>([01;31m[Kshared_from_this[m[K()), result_future) == rclcpp::FutureReturnCode::SUCCESS) {
      |                                                     [01;31m[K^~~~~~~~~~~~~~~~[m[K

In file included from [01m[K/usr/include/c++/11/memory:77[m[K,
                 from [01m[K/opt/ros/humble/include/rclcpp/rclcpp/rclcpp.hpp:153[m[K,
                 from [01m[K/home/kgh/GITHUB/ROBIT_ROS2_HW/DAY1/turtlesim_cli/include/turtlesim_cli.hpp:4[m[K,
                 from [01m[K/home/kgh/GITHUB/ROBIT_ROS2_HW/DAY1/turtlesim_cli/src/turtlesim_cli.cpp:1[m[K:
[01m[K/usr/include/c++/11/bits/shared_ptr.h:811:7:[m[K [01;36m[Knote: [m[Kcandidates are: ‘[01m[Kstd::shared_ptr<const _Tp> std::enable_shared_from_this<_Tp>::shared_from_this() const [with _Tp = TurtleSimCLI][m[K’
  811 |       [01;36m[Kshared_from_this[m[K() const
      |       [01;36m[K^~~~~~~~~~~~~~~~[m[K
[01m[K/usr/include/c++/11/bits/shared_ptr.h:807:7:[m[K [01;36m[Knote: [m[K                ‘[01m[Kstd::shared_ptr<_Tp> std::enable_shared_from_this<_Tp>::shared_from_this() [with _Tp = TurtleSimCLI][m[K’
  807 |       [01;36m[Kshared_from_this[m[K()
      |       [01;36m[K^~~~~~~~~~~~~~~~[m[K
[01m[K/usr/include/c++/11/bits/shared_ptr.h:811:7:[m[K [01;36m[Knote: [m[K                ‘[01m[Kstd::shared_ptr<const _Tp> std::enable_shared_from_this<_Tp>::shared_from_this() const [with _Tp = rclcpp::Node][m[K’
  811 |       [01;36m[Kshared_from_this[m[K() const
      |       [01;36m[K^~~~~~~~~~~~~~~~[m[K
[01m[K/usr/include/c++/11/bits/shared_ptr.h:807:7:[m[K [01;36m[Knote: [m[K                ‘[01m[Kstd::shared_ptr<_Tp> std::enable_shared_from_this<_Tp>::shared_from_this() [with _Tp = rclcpp::Node][m[K’
  807 |       [01;36m[Kshared_from_this[m[K()
      |       [01;36m[K^~~~~~~~~~~~~~~~[m[K
gmake[2]: *** [CMakeFiles/turtlesim_cli.dir/build.make:90: CMakeFiles/turtlesim_cli.dir/src/turtlesim_cli.cpp.o] Error 1
gmake[1]: *** [CMakeFiles/Makefile2:137: CMakeFiles/turtlesim_cli.dir/all] Error 2
gmake: *** [Makefile:146: all] Error 2
