[0.010s] Invoking command in '/home/kgh/GITHUB/ROBIT_ROS2_HW/DAY1/turtlesim_cli/build/turtlesim_cli': CMAKE_PREFIX_PATH=${CMAKE_PREFIX_PATH}:/opt/ros/humble /usr/bin/cmake --build /home/kgh/GITHUB/ROBIT_ROS2_HW/DAY1/turtlesim_cli/build/turtlesim_cli -- -j20 -l20
[0.052s] [35m[1mConsolidate compiler generated dependencies of target turtlesim_cli[0m
[0.073s] [ 33%] [32mBuilding CXX object CMakeFiles/turtlesim_cli.dir/src/turtlesim_cli.cpp.o[0m
[5.945s] [ 66%] [32m[1mLinking CXX executable turtlesim_cli[0m
[6.225s] [100%] Built target turtlesim_cli
[6.238s] Invoked command in '/home/kgh/GITHUB/ROBIT_ROS2_HW/DAY1/turtlesim_cli/build/turtlesim_cli' returned '0': CMAKE_PREFIX_PATH=${CMAKE_PREFIX_PATH}:/opt/ros/humble /usr/bin/cmake --build /home/kgh/GITHUB/ROBIT_ROS2_HW/DAY1/turtlesim_cli/build/turtlesim_cli -- -j20 -l20
[6.285s] Invoking command in '/home/kgh/GITHUB/ROBIT_ROS2_HW/DAY1/turtlesim_cli/build/turtlesim_cli': CMAKE_PREFIX_PATH=${CMAKE_PREFIX_PATH}:/opt/ros/humble /usr/bin/cmake --install /home/kgh/GITHUB/ROBIT_ROS2_HW/DAY1/turtlesim_cli/build/turtlesim_cli
[6.292s] -- Install configuration: ""
[6.292s] -- Installing: /home/kgh/GITHUB/ROBIT_ROS2_HW/DAY1/turtlesim_cli/install/turtlesim_cli/lib/turtlesim_cli/turtlesim_cli
[6.295s] -- Set runtime path of "/home/kgh/GITHUB/ROBIT_ROS2_HW/DAY1/turtlesim_cli/install/turtlesim_cli/lib/turtlesim_cli/turtlesim_cli" to ""
[6.295s] -- Up-to-date: /home/kgh/GITHUB/ROBIT_ROS2_HW/DAY1/turtlesim_cli/install/turtlesim_cli/share/ament_index/resource_index/package_run_dependencies/turtlesim_cli
[6.295s] -- Installing: /home/kgh/GITHUB/ROBIT_ROS2_HW/DAY1/turtlesim_cli/install/turtlesim_cli/share/ament_index/resource_index/parent_prefix_path/turtlesim_cli
[6.295s] -- Up-to-date: /home/kgh/GITHUB/ROBIT_ROS2_HW/DAY1/turtlesim_cli/install/turtlesim_cli/share/turtlesim_cli/environment/ament_prefix_path.sh
[6.295s] -- Installing: /home/kgh/GITHUB/ROBIT_ROS2_HW/DAY1/turtlesim_cli/install/turtlesim_cli/share/turtlesim_cli/environment/ament_prefix_path.dsv
[6.295s] -- Up-to-date: /home/kgh/GITHUB/ROBIT_ROS2_HW/DAY1/turtlesim_cli/install/turtlesim_cli/share/turtlesim_cli/environment/path.sh
[6.295s] -- Installing: /home/kgh/GITHUB/ROBIT_ROS2_HW/DAY1/turtlesim_cli/install/turtlesim_cli/share/turtlesim_cli/environment/path.dsv
[6.295s] -- Up-to-date: /home/kgh/GITHUB/ROBIT_ROS2_HW/DAY1/turtlesim_cli/install/turtlesim_cli/share/turtlesim_cli/local_setup.bash
[6.295s] -- Up-to-date: /home/kgh/GITHUB/ROBIT_ROS2_HW/DAY1/turtlesim_cli/install/turtlesim_cli/share/turtlesim_cli/local_setup.sh
[6.295s] -- Up-to-date: /home/kgh/GITHUB/ROBIT_ROS2_HW/DAY1/turtlesim_cli/install/turtlesim_cli/share/turtlesim_cli/local_setup.zsh
[6.295s] -- Installing: /home/kgh/GITHUB/ROBIT_ROS2_HW/DAY1/turtlesim_cli/install/turtlesim_cli/share/turtlesim_cli/local_setup.dsv
[6.295s] -- Installing: /home/kgh/GITHUB/ROBIT_ROS2_HW/DAY1/turtlesim_cli/install/turtlesim_cli/share/turtlesim_cli/package.dsv
[6.296s] -- Up-to-date: /home/kgh/GITHUB/ROBIT_ROS2_HW/DAY1/turtlesim_cli/install/turtlesim_cli/share/ament_index/resource_index/packages/turtlesim_cli
[6.296s] -- Up-to-date: /home/kgh/GITHUB/ROBIT_ROS2_HW/DAY1/turtlesim_cli/install/turtlesim_cli/share/turtlesim_cli/cmake/turtlesim_cliConfig.cmake
[6.296s] -- Up-to-date: /home/kgh/GITHUB/ROBIT_ROS2_HW/DAY1/turtlesim_cli/install/turtlesim_cli/share/turtlesim_cli/cmake/turtlesim_cliConfig-version.cmake
[6.296s] -- Up-to-date: /home/kgh/GITHUB/ROBIT_ROS2_HW/DAY1/turtlesim_cli/install/turtlesim_cli/share/turtlesim_cli/package.xml
[6.298s] Invoked command in '/home/kgh/GITHUB/ROBIT_ROS2_HW/DAY1/turtlesim_cli/build/turtlesim_cli' returned '0': CMAKE_PREFIX_PATH=${CMAKE_PREFIX_PATH}:/opt/ros/humble /usr/bin/cmake --install /home/kgh/GITHUB/ROBIT_ROS2_HW/DAY1/turtlesim_cli/build/turtlesim_cli
