[0.007s] Invoking command in '/home/kgh/robot_ws/src/ROBIT_ROS2_HW/DAY2/build/turtlesim_control': CMAKE_PREFIX_PATH=${CMAKE_PREFIX_PATH}:/opt/ros/humble /usr/bin/cmake /home/kgh/robot_ws/src/ROBIT_ROS2_HW/DAY2/turtlesim_control -DCMAKE_INSTALL_PREFIX=/home/kgh/robot_ws/src/ROBIT_ROS2_HW/DAY2/install/turtlesim_control
[0.014s] -- Found ament_cmake: 1.3.10 (/opt/ros/humble/share/ament_cmake/cmake)
[0.085s] -- Found rclcpp: 16.0.10 (/opt/ros/humble/share/rclcpp/cmake)
[0.099s] -- Found rosidl_generator_c: 3.1.5 (/opt/ros/humble/share/rosidl_generator_c/cmake)
[0.100s] -- Found rosidl_adapter: 3.1.5 (/opt/ros/humble/share/rosidl_adapter/cmake)
[0.103s] -- Found rosidl_generator_cpp: 3.1.5 (/opt/ros/humble/share/rosidl_generator_cpp/cmake)
[0.108s] -- Using all available rosidl_typesupport_c: rosidl_typesupport_fastrtps_c;rosidl_typesupport_introspection_c
[0.116s] -- Using all available rosidl_typesupport_cpp: rosidl_typesupport_fastrtps_cpp;rosidl_typesupport_introspection_cpp
[0.134s] -- Found rmw_implementation_cmake: 6.1.2 (/opt/ros/humble/share/rmw_implementation_cmake/cmake)
[0.135s] -- Found rmw_fastrtps_cpp: 6.2.7 (/opt/ros/humble/share/rmw_fastrtps_cpp/cmake)
[0.189s] -- Using RMW implementation 'rmw_fastrtps_cpp' as default
[0.227s] -- Found ament_lint_auto: 0.12.11 (/opt/ros/humble/share/ament_lint_auto/cmake)
[0.266s] -- Added test 'copyright' to check source files copyright and LICENSE
[0.267s] -- Added test 'cppcheck' to perform static code analysis on C / C++ code
[0.267s] -- Configured cppcheck include dirs: /home/kgh/robot_ws/src/ROBIT_ROS2_HW/DAY2/turtlesim_control/include/turtlesim_control
[0.267s] -- Configured cppcheck exclude dirs and/or files: 
[0.267s] -- Added test 'cpplint' to check C / C++ code against the Google style
[0.267s] -- Configured cpplint exclude dirs and/or files: 
[0.268s] -- Added test 'lint_cmake' to check CMake code style
[0.268s] -- Added test 'uncrustify' to check C / C++ code style
[0.268s] -- Configured uncrustify additional arguments: 
[0.268s] -- Added test 'xmllint' to check XML markup files
[0.269s] -- Configuring done
[0.273s] [31mCMake Error in CMakeLists.txt:
[0.273s]   Cannot find source file:
[0.274s] 
[0.274s]     /home/kgh/robot_ws/src/ROBIT_ROS2_HW/DAY2/turtlesim_control/resource/images.qrc
[0.274s] 
[0.274s]   Tried extensions .c .C .c++ .cc .cpp .cxx .cu .mpp .m .M .mm .ixx .cppm .h
[0.274s]   .hh .h++ .hm .hpp .hxx .in .txx .f .F .for .f77 .f90 .f95 .f03 .hip .ispc
[0.274s] 
[0.274s] [0m
[0.280s] -- Generating done
[0.281s] [0mCMake Generate step failed.  Build files cannot be regenerated correctly.[0m
[0.286s] Invoked command in '/home/kgh/robot_ws/src/ROBIT_ROS2_HW/DAY2/build/turtlesim_control' returned '1': CMAKE_PREFIX_PATH=${CMAKE_PREFIX_PATH}:/opt/ros/humble /usr/bin/cmake /home/kgh/robot_ws/src/ROBIT_ROS2_HW/DAY2/turtlesim_control -DCMAKE_INSTALL_PREFIX=/home/kgh/robot_ws/src/ROBIT_ROS2_HW/DAY2/install/turtlesim_control
