[0.011s] Invoking command in '/home/kgh/GITHUB/ROBIT_ROS2_HW/DAY1/turtlesim_cli/build/turtlesim_cli': CMAKE_PREFIX_PATH=${CMAKE_PREFIX_PATH}:/opt/ros/humble /usr/bin/cmake --build /home/kgh/GITHUB/ROBIT_ROS2_HW/DAY1/turtlesim_cli/build/turtlesim_cli -- -j20 -l20
[0.033s] -- Found ament_cmake: 1.3.10 (/opt/ros/humble/share/ament_cmake/cmake)
[0.130s] -- Found rclcpp: 16.0.10 (/opt/ros/humble/share/rclcpp/cmake)
[0.150s] -- Found rosidl_generator_c: 3.1.5 (/opt/ros/humble/share/rosidl_generator_c/cmake)
[0.153s] -- Found rosidl_adapter: 3.1.5 (/opt/ros/humble/share/rosidl_adapter/cmake)
[0.157s] -- Found rosidl_generator_cpp: 3.1.5 (/opt/ros/humble/share/rosidl_generator_cpp/cmake)
[0.165s] -- Using all available rosidl_typesupport_c: rosidl_typesupport_fastrtps_c;rosidl_typesupport_introspection_c
[0.175s] -- Using all available rosidl_typesupport_cpp: rosidl_typesupport_fastrtps_cpp;rosidl_typesupport_introspection_cpp
[0.199s] -- Found rmw_implementation_cmake: 6.1.2 (/opt/ros/humble/share/rmw_implementation_cmake/cmake)
[0.200s] -- Found rmw_fastrtps_cpp: 6.2.7 (/opt/ros/humble/share/rmw_fastrtps_cpp/cmake)
[0.267s] -- Using RMW implementation 'rmw_fastrtps_cpp' as default
[0.305s] -- Found turtlesim: 1.4.2 (/opt/ros/humble/share/turtlesim/cmake)
[0.332s] -- Found std_srvs: 4.2.4 (/opt/ros/humble/share/std_srvs/cmake)
[0.340s] -- Found geometry_msgs: 4.2.4 (/opt/ros/humble/share/geometry_msgs/cmake)
[0.350s] -- Found ament_lint_auto: 0.12.11 (/opt/ros/humble/share/ament_lint_auto/cmake)
[0.413s] -- Added test 'cppcheck' to perform static code analysis on C / C++ code
[0.413s] -- Configured cppcheck include dirs: /home/kgh/GITHUB/ROBIT_ROS2_HW/DAY1/turtlesim_cli/include
[0.413s] -- Configured cppcheck exclude dirs and/or files: 
[0.416s] -- Added test 'flake8' to check Python code syntax and style conventions
[0.420s] -- Added test 'lint_cmake' to check CMake code style
[0.422s] -- Added test 'pep257' to check Python code against some of the docstring style conventions in PEP 257
[0.434s] -- Added test 'uncrustify' to check C / C++ code style
[0.434s] -- Configured uncrustify additional arguments: 
[0.436s] -- Added test 'xmllint' to check XML markup files
[0.437s] -- Configuring done
[0.446s] -- Generating done
[0.447s] -- Build files have been written to: /home/kgh/GITHUB/ROBIT_ROS2_HW/DAY1/turtlesim_cli/build/turtlesim_cli
[0.468s] [35m[1mConsolidate compiler generated dependencies of target turtlesim_cli[0m
[0.485s] [ 50%] [32m[1mLinking CXX executable turtlesim_cli[0m
[0.750s] [100%] Built target turtlesim_cli
[0.762s] Invoked command in '/home/kgh/GITHUB/ROBIT_ROS2_HW/DAY1/turtlesim_cli/build/turtlesim_cli' returned '0': CMAKE_PREFIX_PATH=${CMAKE_PREFIX_PATH}:/opt/ros/humble /usr/bin/cmake --build /home/kgh/GITHUB/ROBIT_ROS2_HW/DAY1/turtlesim_cli/build/turtlesim_cli -- -j20 -l20
[0.801s] Invoking command in '/home/kgh/GITHUB/ROBIT_ROS2_HW/DAY1/turtlesim_cli/build/turtlesim_cli': CMAKE_PREFIX_PATH=${CMAKE_PREFIX_PATH}:/opt/ros/humble /usr/bin/cmake --install /home/kgh/GITHUB/ROBIT_ROS2_HW/DAY1/turtlesim_cli/build/turtlesim_cli
[0.809s] -- Install configuration: ""
[0.809s] -- Installing: /home/kgh/GITHUB/ROBIT_ROS2_HW/DAY1/turtlesim_cli/install/turtlesim_cli/lib/turtlesim_cli/turtlesim_cli
[0.812s] -- Set runtime path of "/home/kgh/GITHUB/ROBIT_ROS2_HW/DAY1/turtlesim_cli/install/turtlesim_cli/lib/turtlesim_cli/turtlesim_cli" to ""
[0.812s] -- Up-to-date: /home/kgh/GITHUB/ROBIT_ROS2_HW/DAY1/turtlesim_cli/install/turtlesim_cli/share/ament_index/resource_index/package_run_dependencies/turtlesim_cli
[0.812s] -- Installing: /home/kgh/GITHUB/ROBIT_ROS2_HW/DAY1/turtlesim_cli/install/turtlesim_cli/share/ament_index/resource_index/parent_prefix_path/turtlesim_cli
[0.812s] -- Up-to-date: /home/kgh/GITHUB/ROBIT_ROS2_HW/DAY1/turtlesim_cli/install/turtlesim_cli/share/turtlesim_cli/environment/ament_prefix_path.sh
[0.812s] -- Installing: /home/kgh/GITHUB/ROBIT_ROS2_HW/DAY1/turtlesim_cli/install/turtlesim_cli/share/turtlesim_cli/environment/ament_prefix_path.dsv
[0.813s] -- Up-to-date: /home/kgh/GITHUB/ROBIT_ROS2_HW/DAY1/turtlesim_cli/install/turtlesim_cli/share/turtlesim_cli/environment/path.sh
[0.813s] -- Installing: /home/kgh/GITHUB/ROBIT_ROS2_HW/DAY1/turtlesim_cli/install/turtlesim_cli/share/turtlesim_cli/environment/path.dsv
[0.813s] -- Up-to-date: /home/kgh/GITHUB/ROBIT_ROS2_HW/DAY1/turtlesim_cli/install/turtlesim_cli/share/turtlesim_cli/local_setup.bash
[0.813s] -- Up-to-date: /home/kgh/GITHUB/ROBIT_ROS2_HW/DAY1/turtlesim_cli/install/turtlesim_cli/share/turtlesim_cli/local_setup.sh
[0.813s] -- Up-to-date: /home/kgh/GITHUB/ROBIT_ROS2_HW/DAY1/turtlesim_cli/install/turtlesim_cli/share/turtlesim_cli/local_setup.zsh
[0.813s] -- Installing: /home/kgh/GITHUB/ROBIT_ROS2_HW/DAY1/turtlesim_cli/install/turtlesim_cli/share/turtlesim_cli/local_setup.dsv
[0.813s] -- Installing: /home/kgh/GITHUB/ROBIT_ROS2_HW/DAY1/turtlesim_cli/install/turtlesim_cli/share/turtlesim_cli/package.dsv
[0.813s] -- Up-to-date: /home/kgh/GITHUB/ROBIT_ROS2_HW/DAY1/turtlesim_cli/install/turtlesim_cli/share/ament_index/resource_index/packages/turtlesim_cli
[0.813s] -- Up-to-date: /home/kgh/GITHUB/ROBIT_ROS2_HW/DAY1/turtlesim_cli/install/turtlesim_cli/share/turtlesim_cli/cmake/turtlesim_cliConfig.cmake
[0.813s] -- Up-to-date: /home/kgh/GITHUB/ROBIT_ROS2_HW/DAY1/turtlesim_cli/install/turtlesim_cli/share/turtlesim_cli/cmake/turtlesim_cliConfig-version.cmake
[0.813s] -- Up-to-date: /home/kgh/GITHUB/ROBIT_ROS2_HW/DAY1/turtlesim_cli/install/turtlesim_cli/share/turtlesim_cli/package.xml
[0.814s] Invoked command in '/home/kgh/GITHUB/ROBIT_ROS2_HW/DAY1/turtlesim_cli/build/turtlesim_cli' returned '0': CMAKE_PREFIX_PATH=${CMAKE_PREFIX_PATH}:/opt/ros/humble /usr/bin/cmake --install /home/kgh/GITHUB/ROBIT_ROS2_HW/DAY1/turtlesim_cli/build/turtlesim_cli
