[0.007s] Invoking command in '/home/kgh/robot_ws/src/ROBIT_ROS2_HW/DAY2/build/turtlesim_control': CMAKE_PREFIX_PATH=${CMAKE_PREFIX_PATH}:/opt/ros/humble /usr/bin/cmake --build /home/kgh/robot_ws/src/ROBIT_ROS2_HW/DAY2/build/turtlesim_control -- -j20 -l20
[0.043s] [  9%] [34m[1mGenerating ui_mainwindow.h[0m
[0.058s] [35m[1mConsolidate compiler generated dependencies of target turtlesim_control[0m
[0.072s] [ 18%] [32mBuilding CXX object CMakeFiles/turtlesim_control.dir/src/main.cpp.o[0m
[0.075s] [ 27%] [32mBuilding CXX object CMakeFiles/turtlesim_control.dir/include/turtlesim_control/moc_main_window.cpp.o[0m
[0.075s] [ 36%] [32mBuilding CXX object CMakeFiles/turtlesim_control.dir/src/main_window.cpp.o[0m
[2.475s] [ 45%] [32m[1mLinking CXX executable turtlesim_control[0m
[2.855s] [100%] Built target turtlesim_control
[2.867s] Invoked command in '/home/kgh/robot_ws/src/ROBIT_ROS2_HW/DAY2/build/turtlesim_control' returned '0': CMAKE_PREFIX_PATH=${CMAKE_PREFIX_PATH}:/opt/ros/humble /usr/bin/cmake --build /home/kgh/robot_ws/src/ROBIT_ROS2_HW/DAY2/build/turtlesim_control -- -j20 -l20
[2.899s] Invoking command in '/home/kgh/robot_ws/src/ROBIT_ROS2_HW/DAY2/build/turtlesim_control': CMAKE_PREFIX_PATH=${CMAKE_PREFIX_PATH}:/opt/ros/humble /usr/bin/cmake --install /home/kgh/robot_ws/src/ROBIT_ROS2_HW/DAY2/build/turtlesim_control
[2.903s] -- Install configuration: ""
[2.903s] -- Installing: /home/kgh/robot_ws/src/ROBIT_ROS2_HW/DAY2/install/turtlesim_control/lib/turtlesim_control/turtlesim_control
[2.903s] -- Set runtime path of "/home/kgh/robot_ws/src/ROBIT_ROS2_HW/DAY2/install/turtlesim_control/lib/turtlesim_control/turtlesim_control" to ""
[2.903s] -- Up-to-date: /home/kgh/robot_ws/src/ROBIT_ROS2_HW/DAY2/install/turtlesim_control/share/ament_index/resource_index/package_run_dependencies/turtlesim_control
[2.903s] -- Up-to-date: /home/kgh/robot_ws/src/ROBIT_ROS2_HW/DAY2/install/turtlesim_control/share/ament_index/resource_index/parent_prefix_path/turtlesim_control
[2.903s] -- Up-to-date: /home/kgh/robot_ws/src/ROBIT_ROS2_HW/DAY2/install/turtlesim_control/share/turtlesim_control/environment/ament_prefix_path.sh
[2.903s] -- Up-to-date: /home/kgh/robot_ws/src/ROBIT_ROS2_HW/DAY2/install/turtlesim_control/share/turtlesim_control/environment/ament_prefix_path.dsv
[2.903s] -- Up-to-date: /home/kgh/robot_ws/src/ROBIT_ROS2_HW/DAY2/install/turtlesim_control/share/turtlesim_control/environment/path.sh
[2.903s] -- Up-to-date: /home/kgh/robot_ws/src/ROBIT_ROS2_HW/DAY2/install/turtlesim_control/share/turtlesim_control/environment/path.dsv
[2.903s] -- Up-to-date: /home/kgh/robot_ws/src/ROBIT_ROS2_HW/DAY2/install/turtlesim_control/share/turtlesim_control/local_setup.bash
[2.903s] -- Up-to-date: /home/kgh/robot_ws/src/ROBIT_ROS2_HW/DAY2/install/turtlesim_control/share/turtlesim_control/local_setup.sh
[2.903s] -- Up-to-date: /home/kgh/robot_ws/src/ROBIT_ROS2_HW/DAY2/install/turtlesim_control/share/turtlesim_control/local_setup.zsh
[2.903s] -- Up-to-date: /home/kgh/robot_ws/src/ROBIT_ROS2_HW/DAY2/install/turtlesim_control/share/turtlesim_control/local_setup.dsv
[2.903s] -- Installing: /home/kgh/robot_ws/src/ROBIT_ROS2_HW/DAY2/install/turtlesim_control/share/turtlesim_control/package.dsv
[2.903s] -- Up-to-date: /home/kgh/robot_ws/src/ROBIT_ROS2_HW/DAY2/install/turtlesim_control/share/ament_index/resource_index/packages/turtlesim_control
[2.903s] -- Up-to-date: /home/kgh/robot_ws/src/ROBIT_ROS2_HW/DAY2/install/turtlesim_control/share/turtlesim_control/cmake/turtlesim_controlConfig.cmake
[2.903s] -- Up-to-date: /home/kgh/robot_ws/src/ROBIT_ROS2_HW/DAY2/install/turtlesim_control/share/turtlesim_control/cmake/turtlesim_controlConfig-version.cmake
[2.904s] -- Up-to-date: /home/kgh/robot_ws/src/ROBIT_ROS2_HW/DAY2/install/turtlesim_control/share/turtlesim_control/package.xml
[2.905s] Invoked command in '/home/kgh/robot_ws/src/ROBIT_ROS2_HW/DAY2/build/turtlesim_control' returned '0': CMAKE_PREFIX_PATH=${CMAKE_PREFIX_PATH}:/opt/ros/humble /usr/bin/cmake --install /home/kgh/robot_ws/src/ROBIT_ROS2_HW/DAY2/build/turtlesim_control
