[0.010s] Invoking command in '/home/kgh/GITHUB/ROBIT_ROS2_HW/DAY1/turtlesim_cli/build/turtlesim_cli': CMAKE_PREFIX_PATH=${CMAKE_PREFIX_PATH}:/opt/ros/humble /usr/bin/cmake --build /home/kgh/GITHUB/ROBIT_ROS2_HW/DAY1/turtlesim_cli/build/turtlesim_cli -- -j20 -l20
[0.053s] [35m[1mConsolidate compiler generated dependencies of target turtlesim_cli[0m
[0.073s] [ 50%] [32mBuilding CXX object CMakeFiles/turtlesim_cli.dir/src/turtlesim_cli.cpp.o[0m
[5.395s] [100%] [32m[1mLinking CXX executable turtlesim_cli[0m
[5.666s] [100%] Built target turtlesim_cli
[5.679s] Invoked command in '/home/kgh/GITHUB/ROBIT_ROS2_HW/DAY1/turtlesim_cli/build/turtlesim_cli' returned '0': CMAKE_PREFIX_PATH=${CMAKE_PREFIX_PATH}:/opt/ros/humble /usr/bin/cmake --build /home/kgh/GITHUB/ROBIT_ROS2_HW/DAY1/turtlesim_cli/build/turtlesim_cli -- -j20 -l20
[5.714s] Invoking command in '/home/kgh/GITHUB/ROBIT_ROS2_HW/DAY1/turtlesim_cli/build/turtlesim_cli': CMAKE_PREFIX_PATH=${CMAKE_PREFIX_PATH}:/opt/ros/humble /usr/bin/cmake --install /home/kgh/GITHUB/ROBIT_ROS2_HW/DAY1/turtlesim_cli/build/turtlesim_cli
[5.722s] -- Install configuration: ""
[5.723s] -- Installing: /home/kgh/GITHUB/ROBIT_ROS2_HW/DAY1/turtlesim_cli/install/turtlesim_cli/lib/turtlesim_cli/turtlesim_cli
[5.726s] -- Set runtime path of "/home/kgh/GITHUB/ROBIT_ROS2_HW/DAY1/turtlesim_cli/install/turtlesim_cli/lib/turtlesim_cli/turtlesim_cli" to ""
[5.727s] -- Up-to-date: /home/kgh/GITHUB/ROBIT_ROS2_HW/DAY1/turtlesim_cli/install/turtlesim_cli/share/ament_index/resource_index/package_run_dependencies/turtlesim_cli
[5.727s] -- Up-to-date: /home/kgh/GITHUB/ROBIT_ROS2_HW/DAY1/turtlesim_cli/install/turtlesim_cli/share/ament_index/resource_index/parent_prefix_path/turtlesim_cli
[5.727s] -- Up-to-date: /home/kgh/GITHUB/ROBIT_ROS2_HW/DAY1/turtlesim_cli/install/turtlesim_cli/share/turtlesim_cli/environment/ament_prefix_path.sh
[5.727s] -- Up-to-date: /home/kgh/GITHUB/ROBIT_ROS2_HW/DAY1/turtlesim_cli/install/turtlesim_cli/share/turtlesim_cli/environment/ament_prefix_path.dsv
[5.727s] -- Up-to-date: /home/kgh/GITHUB/ROBIT_ROS2_HW/DAY1/turtlesim_cli/install/turtlesim_cli/share/turtlesim_cli/environment/path.sh
[5.727s] -- Up-to-date: /home/kgh/GITHUB/ROBIT_ROS2_HW/DAY1/turtlesim_cli/install/turtlesim_cli/share/turtlesim_cli/environment/path.dsv
[5.727s] -- Up-to-date: /home/kgh/GITHUB/ROBIT_ROS2_HW/DAY1/turtlesim_cli/install/turtlesim_cli/share/turtlesim_cli/local_setup.bash
[5.728s] -- Up-to-date: /home/kgh/GITHUB/ROBIT_ROS2_HW/DAY1/turtlesim_cli/install/turtlesim_cli/share/turtlesim_cli/local_setup.sh
[5.728s] -- Up-to-date: /home/kgh/GITHUB/ROBIT_ROS2_HW/DAY1/turtlesim_cli/install/turtlesim_cli/share/turtlesim_cli/local_setup.zsh
[5.728s] -- Up-to-date: /home/kgh/GITHUB/ROBIT_ROS2_HW/DAY1/turtlesim_cli/install/turtlesim_cli/share/turtlesim_cli/local_setup.dsv
[5.728s] -- Installing: /home/kgh/GITHUB/ROBIT_ROS2_HW/DAY1/turtlesim_cli/install/turtlesim_cli/share/turtlesim_cli/package.dsv
[5.730s] -- Up-to-date: /home/kgh/GITHUB/ROBIT_ROS2_HW/DAY1/turtlesim_cli/install/turtlesim_cli/share/ament_index/resource_index/packages/turtlesim_cli
[5.731s] -- Up-to-date: /home/kgh/GITHUB/ROBIT_ROS2_HW/DAY1/turtlesim_cli/install/turtlesim_cli/share/turtlesim_cli/cmake/turtlesim_cliConfig.cmake
[5.732s] -- Up-to-date: /home/kgh/GITHUB/ROBIT_ROS2_HW/DAY1/turtlesim_cli/install/turtlesim_cli/share/turtlesim_cli/cmake/turtlesim_cliConfig-version.cmake
[5.733s] -- Up-to-date: /home/kgh/GITHUB/ROBIT_ROS2_HW/DAY1/turtlesim_cli/install/turtlesim_cli/share/turtlesim_cli/package.xml
[5.734s] Invoked command in '/home/kgh/GITHUB/ROBIT_ROS2_HW/DAY1/turtlesim_cli/build/turtlesim_cli' returned '0': CMAKE_PREFIX_PATH=${CMAKE_PREFIX_PATH}:/opt/ros/humble /usr/bin/cmake --install /home/kgh/GITHUB/ROBIT_ROS2_HW/DAY1/turtlesim_cli/build/turtlesim_cli
