[  9%] [34m[1mGenerating include/turtlesim_control/moc_main_window.cpp[0m
[35m[1mConsolidate compiler generated dependencies of target turtlesim_control[0m
[ 18%] [32mBuilding CXX object CMakeFiles/turtlesim_control.dir/src/main_window.cpp.o[0m
[ 27%] [32mBuilding CXX object CMakeFiles/turtlesim_control.dir/src/main.cpp.o[0m
[ 36%] [32mBuilding CXX object CMakeFiles/turtlesim_control.dir/include/turtlesim_control/moc_main_window.cpp.o[0m
[ 45%] [32m[1mLinking CXX executable turtlesim_control[0m
[100%] Built target turtlesim_control
-- Install configuration: ""
-- Installing: /home/kgh/robot_ws/src/ROBIT_ROS2_HW/DAY2/install/turtlesim_control/lib/turtlesim_control/turtlesim_control
-- Set runtime path of "/home/kgh/robot_ws/src/ROBIT_ROS2_HW/DAY2/install/turtlesim_control/lib/turtlesim_control/turtlesim_control" to ""
-- Up-to-date: /home/kgh/robot_ws/src/ROBIT_ROS2_HW/DAY2/install/turtlesim_control/share/ament_index/resource_index/package_run_dependencies/turtlesim_control
-- Up-to-date: /home/kgh/robot_ws/src/ROBIT_ROS2_HW/DAY2/install/turtlesim_control/share/ament_index/resource_index/parent_prefix_path/turtlesim_control
-- Up-to-date: /home/kgh/robot_ws/src/ROBIT_ROS2_HW/DAY2/install/turtlesim_control/share/turtlesim_control/environment/ament_prefix_path.sh
-- Up-to-date: /home/kgh/robot_ws/src/ROBIT_ROS2_HW/DAY2/install/turtlesim_control/share/turtlesim_control/environment/ament_prefix_path.dsv
-- Up-to-date: /home/kgh/robot_ws/src/ROBIT_ROS2_HW/DAY2/install/turtlesim_control/share/turtlesim_control/environment/path.sh
-- Up-to-date: /home/kgh/robot_ws/src/ROBIT_ROS2_HW/DAY2/install/turtlesim_control/share/turtlesim_control/environment/path.dsv
-- Up-to-date: /home/kgh/robot_ws/src/ROBIT_ROS2_HW/DAY2/install/turtlesim_control/share/turtlesim_control/local_setup.bash
-- Up-to-date: /home/kgh/robot_ws/src/ROBIT_ROS2_HW/DAY2/install/turtlesim_control/share/turtlesim_control/local_setup.sh
-- Up-to-date: /home/kgh/robot_ws/src/ROBIT_ROS2_HW/DAY2/install/turtlesim_control/share/turtlesim_control/local_setup.zsh
-- Up-to-date: /home/kgh/robot_ws/src/ROBIT_ROS2_HW/DAY2/install/turtlesim_control/share/turtlesim_control/local_setup.dsv
-- Installing: /home/kgh/robot_ws/src/ROBIT_ROS2_HW/DAY2/install/turtlesim_control/share/turtlesim_control/package.dsv
-- Up-to-date: /home/kgh/robot_ws/src/ROBIT_ROS2_HW/DAY2/install/turtlesim_control/share/ament_index/resource_index/packages/turtlesim_control
-- Up-to-date: /home/kgh/robot_ws/src/ROBIT_ROS2_HW/DAY2/install/turtlesim_control/share/turtlesim_control/cmake/turtlesim_controlConfig.cmake
-- Up-to-date: /home/kgh/robot_ws/src/ROBIT_ROS2_HW/DAY2/install/turtlesim_control/share/turtlesim_control/cmake/turtlesim_controlConfig-version.cmake
-- Up-to-date: /home/kgh/robot_ws/src/ROBIT_ROS2_HW/DAY2/install/turtlesim_control/share/turtlesim_control/package.xml
