[0.052s] DEBUG:colcon:Command line arguments: ['/usr/bin/colcon', 'build']
[0.052s] DEBUG:colcon:Parsed command line arguments: Namespace(log_base=None, log_level=None, verb_name='build', build_base='build', install_base='install', merge_install=False, symlink_install=False, test_result_base=None, continue_on_error=False, executor='parallel', parallel_workers=20, event_handlers=None, ignore_user_meta=False, metas=['./colcon.meta'], base_paths=['.'], packages_ignore=None, packages_ignore_regex=None, paths=None, packages_up_to=None, packages_up_to_regex=None, packages_above=None, packages_above_and_dependencies=None, packages_above_depth=None, packages_select_by_dep=None, packages_skip_by_dep=None, packages_skip_up_to=None, packages_select_build_failed=False, packages_skip_build_finished=False, packages_select_test_failures=False, packages_skip_test_passed=False, packages_select=None, packages_skip=None, packages_select_regex=None, packages_skip_regex=None, packages_start=None, packages_end=None, allow_overriding=[], cmake_args=None, cmake_target=None, cmake_target_skip_unavailable=False, cmake_clean_cache=False, cmake_clean_first=False, cmake_force_configure=False, ament_cmake_args=None, catkin_cmake_args=None, catkin_skip_building_tests=False, verb_parser=<colcon_defaults.argument_parser.defaults.DefaultArgumentsDecorator object at 0x784245f1f820>, verb_extension=<colcon_core.verb.build.BuildVerb object at 0x784245f1f3d0>, main=<bound method BuildVerb.main of <colcon_core.verb.build.BuildVerb object at 0x784245f1f3d0>>)
[0.125s] Level 1:colcon.colcon_core.package_discovery:discover_packages(colcon_meta) check parameters
[0.125s] Level 1:colcon.colcon_core.package_discovery:discover_packages(recursive) check parameters
[0.125s] Level 1:colcon.colcon_core.package_discovery:discover_packages(ignore) check parameters
[0.125s] Level 1:colcon.colcon_core.package_discovery:discover_packages(path) check parameters
[0.125s] Level 1:colcon.colcon_core.package_discovery:discover_packages(colcon_meta) discover
[0.125s] Level 1:colcon.colcon_core.package_discovery:discover_packages(recursive) discover
[0.125s] INFO:colcon.colcon_core.package_discovery:Crawling recursively for packages in '/home/kgh/robot_ws/src/ROBIT_ROS2_HW/DAY2'
[0.125s] Level 1:colcon.colcon_core.package_identification:_identify(.) by extensions ['ignore', 'ignore_ament_install']
[0.125s] Level 1:colcon.colcon_core.package_identification:_identify(.) by extension 'ignore'
[0.125s] Level 1:colcon.colcon_core.package_identification:_identify(.) by extension 'ignore_ament_install'
[0.126s] Level 1:colcon.colcon_core.package_identification:_identify(.) by extensions ['colcon_pkg']
[0.126s] Level 1:colcon.colcon_core.package_identification:_identify(.) by extension 'colcon_pkg'
[0.126s] Level 1:colcon.colcon_core.package_identification:_identify(.) by extensions ['colcon_meta']
[0.126s] Level 1:colcon.colcon_core.package_identification:_identify(.) by extension 'colcon_meta'
[0.126s] Level 1:colcon.colcon_core.package_identification:_identify(.) by extensions ['ros']
[0.126s] Level 1:colcon.colcon_core.package_identification:_identify(.) by extension 'ros'
[0.133s] Level 1:colcon.colcon_core.package_identification:_identify(.) by extensions ['cmake', 'python']
[0.133s] Level 1:colcon.colcon_core.package_identification:_identify(.) by extension 'cmake'
[0.133s] Level 1:colcon.colcon_core.package_identification:_identify(.) by extension 'python'
[0.133s] Level 1:colcon.colcon_core.package_identification:_identify(.) by extensions ['python_setup_py']
[0.133s] Level 1:colcon.colcon_core.package_identification:_identify(.) by extension 'python_setup_py'
[0.133s] Level 1:colcon.colcon_core.package_identification:_identify(build) by extensions ['ignore', 'ignore_ament_install']
[0.133s] Level 1:colcon.colcon_core.package_identification:_identify(build) by extension 'ignore'
[0.133s] Level 1:colcon.colcon_core.package_identification:_identify(build) ignored
[0.133s] Level 1:colcon.colcon_core.package_identification:_identify(install) by extensions ['ignore', 'ignore_ament_install']
[0.133s] Level 1:colcon.colcon_core.package_identification:_identify(install) by extension 'ignore'
[0.133s] Level 1:colcon.colcon_core.package_identification:_identify(install) ignored
[0.133s] Level 1:colcon.colcon_core.package_identification:_identify(log) by extensions ['ignore', 'ignore_ament_install']
[0.133s] Level 1:colcon.colcon_core.package_identification:_identify(log) by extension 'ignore'
[0.133s] Level 1:colcon.colcon_core.package_identification:_identify(log) ignored
[0.133s] Level 1:colcon.colcon_core.package_identification:_identify(turtlesim_control) by extensions ['ignore', 'ignore_ament_install']
[0.133s] Level 1:colcon.colcon_core.package_identification:_identify(turtlesim_control) by extension 'ignore'
[0.133s] Level 1:colcon.colcon_core.package_identification:_identify(turtlesim_control) by extension 'ignore_ament_install'
[0.133s] Level 1:colcon.colcon_core.package_identification:_identify(turtlesim_control) by extensions ['colcon_pkg']
[0.133s] Level 1:colcon.colcon_core.package_identification:_identify(turtlesim_control) by extension 'colcon_pkg'
[0.133s] Level 1:colcon.colcon_core.package_identification:_identify(turtlesim_control) by extensions ['colcon_meta']
[0.133s] Level 1:colcon.colcon_core.package_identification:_identify(turtlesim_control) by extension 'colcon_meta'
[0.133s] Level 1:colcon.colcon_core.package_identification:_identify(turtlesim_control) by extensions ['ros']
[0.133s] Level 1:colcon.colcon_core.package_identification:_identify(turtlesim_control) by extension 'ros'
[0.135s] DEBUG:colcon.colcon_core.package_identification:Package 'turtlesim_control' with type 'ros.ament_cmake' and name 'turtlesim_control'
[0.135s] Level 1:colcon.colcon_core.package_discovery:discover_packages(recursive) using defaults
[0.135s] Level 1:colcon.colcon_core.package_discovery:discover_packages(ignore) discover
[0.135s] Level 1:colcon.colcon_core.package_discovery:discover_packages(ignore) using defaults
[0.135s] Level 1:colcon.colcon_core.package_discovery:discover_packages(path) discover
[0.135s] Level 1:colcon.colcon_core.package_discovery:discover_packages(path) using defaults
[0.146s] Level 1:colcon.colcon_core.package_discovery:discover_packages(prefix_path) check parameters
[0.146s] Level 1:colcon.colcon_core.package_discovery:discover_packages(prefix_path) discover
[0.146s] DEBUG:colcon.colcon_installed_package_information.package_discovery:Found 5 installed packages in /home/kgh/robot_ws/install
[0.147s] DEBUG:colcon.colcon_installed_package_information.package_discovery:Found 181 installed packages in /opt/ros/humble
[0.152s] Level 1:colcon.colcon_core.package_discovery:discover_packages(prefix_path) using defaults
[0.164s] Level 5:colcon.colcon_core.verb:set package 'turtlesim_control' build argument 'cmake_args' from command line to 'None'
[0.164s] Level 5:colcon.colcon_core.verb:set package 'turtlesim_control' build argument 'cmake_target' from command line to 'None'
[0.164s] Level 5:colcon.colcon_core.verb:set package 'turtlesim_control' build argument 'cmake_target_skip_unavailable' from command line to 'False'
[0.164s] Level 5:colcon.colcon_core.verb:set package 'turtlesim_control' build argument 'cmake_clean_cache' from command line to 'False'
[0.164s] Level 5:colcon.colcon_core.verb:set package 'turtlesim_control' build argument 'cmake_clean_first' from command line to 'False'
[0.164s] Level 5:colcon.colcon_core.verb:set package 'turtlesim_control' build argument 'cmake_force_configure' from command line to 'False'
[0.164s] Level 5:colcon.colcon_core.verb:set package 'turtlesim_control' build argument 'ament_cmake_args' from command line to 'None'
[0.164s] Level 5:colcon.colcon_core.verb:set package 'turtlesim_control' build argument 'catkin_cmake_args' from command line to 'None'
[0.164s] Level 5:colcon.colcon_core.verb:set package 'turtlesim_control' build argument 'catkin_skip_building_tests' from command line to 'False'
[0.164s] DEBUG:colcon.colcon_core.verb:Building package 'turtlesim_control' with the following arguments: {'ament_cmake_args': None, 'build_base': '/home/kgh/robot_ws/src/ROBIT_ROS2_HW/DAY2/build/turtlesim_control', 'catkin_cmake_args': None, 'catkin_skip_building_tests': False, 'cmake_args': None, 'cmake_clean_cache': False, 'cmake_clean_first': False, 'cmake_force_configure': False, 'cmake_target': None, 'cmake_target_skip_unavailable': False, 'install_base': '/home/kgh/robot_ws/src/ROBIT_ROS2_HW/DAY2/install/turtlesim_control', 'merge_install': False, 'path': '/home/kgh/robot_ws/src/ROBIT_ROS2_HW/DAY2/turtlesim_control', 'symlink_install': False, 'test_result_base': None}
[0.164s] INFO:colcon.colcon_core.executor:Executing jobs using 'parallel' executor
[0.165s] DEBUG:colcon.colcon_parallel_executor.executor.parallel:run_until_complete
[0.165s] INFO:colcon.colcon_ros.task.ament_cmake.build:Building ROS package in '/home/kgh/robot_ws/src/ROBIT_ROS2_HW/DAY2/turtlesim_control' with build type 'ament_cmake'
[0.165s] INFO:colcon.colcon_cmake.task.cmake.build:Building CMake package in '/home/kgh/robot_ws/src/ROBIT_ROS2_HW/DAY2/turtlesim_control'
[0.166s] INFO:colcon.colcon_core.plugin_system:Skipping extension 'colcon_core.shell.bat': Not used on non-Windows systems
[0.166s] INFO:colcon.colcon_core.shell:Skip shell extension 'powershell' for command environment: Not usable outside of PowerShell
[0.166s] DEBUG:colcon.colcon_core.shell:Skip shell extension 'dsv' for command environment
[0.172s] DEBUG:colcon.colcon_core.event_handler.log_command:Invoking command in '/home/kgh/robot_ws/src/ROBIT_ROS2_HW/DAY2/build/turtlesim_control': CMAKE_PREFIX_PATH=${CMAKE_PREFIX_PATH}:/opt/ros/humble /usr/bin/cmake --build /home/kgh/robot_ws/src/ROBIT_ROS2_HW/DAY2/build/turtlesim_control -- -j20 -l20
[2.632s] DEBUG:colcon.colcon_core.event_handler.log_command:Invoked command in '/home/kgh/robot_ws/src/ROBIT_ROS2_HW/DAY2/build/turtlesim_control' returned '0': CMAKE_PREFIX_PATH=${CMAKE_PREFIX_PATH}:/opt/ros/humble /usr/bin/cmake --build /home/kgh/robot_ws/src/ROBIT_ROS2_HW/DAY2/build/turtlesim_control -- -j20 -l20
[2.668s] DEBUG:colcon.colcon_core.event_handler.log_command:Invoking command in '/home/kgh/robot_ws/src/ROBIT_ROS2_HW/DAY2/build/turtlesim_control': CMAKE_PREFIX_PATH=${CMAKE_PREFIX_PATH}:/opt/ros/humble /usr/bin/cmake --install /home/kgh/robot_ws/src/ROBIT_ROS2_HW/DAY2/build/turtlesim_control
[2.676s] Level 1:colcon.colcon_core.environment:create_environment_scripts_only(turtlesim_control)
[2.676s] DEBUG:colcon.colcon_core.event_handler.log_command:Invoked command in '/home/kgh/robot_ws/src/ROBIT_ROS2_HW/DAY2/build/turtlesim_control' returned '0': CMAKE_PREFIX_PATH=${CMAKE_PREFIX_PATH}:/opt/ros/humble /usr/bin/cmake --install /home/kgh/robot_ws/src/ROBIT_ROS2_HW/DAY2/build/turtlesim_control
[2.678s] Level 1:colcon.colcon_core.environment:checking '/home/kgh/robot_ws/src/ROBIT_ROS2_HW/DAY2/install/turtlesim_control' for CMake module files
[2.678s] Level 1:colcon.colcon_core.environment:checking '/home/kgh/robot_ws/src/ROBIT_ROS2_HW/DAY2/install/turtlesim_control' for CMake config files
[2.679s] Level 1:colcon.colcon_core.shell:create_environment_hook('turtlesim_control', 'cmake_prefix_path')
[2.679s] INFO:colcon.colcon_core.shell:Creating environment hook '/home/kgh/robot_ws/src/ROBIT_ROS2_HW/DAY2/install/turtlesim_control/share/turtlesim_control/hook/cmake_prefix_path.ps1'
[2.679s] INFO:colcon.colcon_core.shell:Creating environment descriptor '/home/kgh/robot_ws/src/ROBIT_ROS2_HW/DAY2/install/turtlesim_control/share/turtlesim_control/hook/cmake_prefix_path.dsv'
[2.680s] INFO:colcon.colcon_core.shell:Creating environment hook '/home/kgh/robot_ws/src/ROBIT_ROS2_HW/DAY2/install/turtlesim_control/share/turtlesim_control/hook/cmake_prefix_path.sh'
[2.681s] Level 1:colcon.colcon_core.environment:checking '/home/kgh/robot_ws/src/ROBIT_ROS2_HW/DAY2/install/turtlesim_control/lib'
[2.681s] Level 1:colcon.colcon_core.environment:checking '/home/kgh/robot_ws/src/ROBIT_ROS2_HW/DAY2/install/turtlesim_control/bin'
[2.681s] Level 1:colcon.colcon_core.environment:checking '/home/kgh/robot_ws/src/ROBIT_ROS2_HW/DAY2/install/turtlesim_control/lib/pkgconfig/turtlesim_control.pc'
[2.681s] Level 1:colcon.colcon_core.environment:checking '/home/kgh/robot_ws/src/ROBIT_ROS2_HW/DAY2/install/turtlesim_control/lib/python3.10/site-packages'
[2.681s] Level 1:colcon.colcon_core.environment:checking '/home/kgh/robot_ws/src/ROBIT_ROS2_HW/DAY2/install/turtlesim_control/bin'
[2.681s] INFO:colcon.colcon_core.shell:Creating package script '/home/kgh/robot_ws/src/ROBIT_ROS2_HW/DAY2/install/turtlesim_control/share/turtlesim_control/package.ps1'
[2.682s] INFO:colcon.colcon_core.shell:Creating package descriptor '/home/kgh/robot_ws/src/ROBIT_ROS2_HW/DAY2/install/turtlesim_control/share/turtlesim_control/package.dsv'
[2.682s] INFO:colcon.colcon_core.shell:Creating package script '/home/kgh/robot_ws/src/ROBIT_ROS2_HW/DAY2/install/turtlesim_control/share/turtlesim_control/package.sh'
[2.682s] INFO:colcon.colcon_core.shell:Creating package script '/home/kgh/robot_ws/src/ROBIT_ROS2_HW/DAY2/install/turtlesim_control/share/turtlesim_control/package.bash'
[2.683s] INFO:colcon.colcon_core.shell:Creating package script '/home/kgh/robot_ws/src/ROBIT_ROS2_HW/DAY2/install/turtlesim_control/share/turtlesim_control/package.zsh'
[2.683s] Level 1:colcon.colcon_core.environment:create_file_with_runtime_dependencies(/home/kgh/robot_ws/src/ROBIT_ROS2_HW/DAY2/install/turtlesim_control/share/colcon-core/packages/turtlesim_control)
[2.713s] Level 1:colcon.colcon_core.environment:create_environment_scripts_only(turtlesim_control)
[2.713s] Level 1:colcon.colcon_core.environment:checking '/home/kgh/robot_ws/src/ROBIT_ROS2_HW/DAY2/install/turtlesim_control' for CMake module files
[2.714s] Level 1:colcon.colcon_core.environment:checking '/home/kgh/robot_ws/src/ROBIT_ROS2_HW/DAY2/install/turtlesim_control' for CMake config files
[2.714s] Level 1:colcon.colcon_core.shell:create_environment_hook('turtlesim_control', 'cmake_prefix_path')
[2.714s] INFO:colcon.colcon_core.shell:Creating environment hook '/home/kgh/robot_ws/src/ROBIT_ROS2_HW/DAY2/install/turtlesim_control/share/turtlesim_control/hook/cmake_prefix_path.ps1'
[2.714s] INFO:colcon.colcon_core.shell:Creating environment descriptor '/home/kgh/robot_ws/src/ROBIT_ROS2_HW/DAY2/install/turtlesim_control/share/turtlesim_control/hook/cmake_prefix_path.dsv'
[2.714s] INFO:colcon.colcon_core.shell:Creating environment hook '/home/kgh/robot_ws/src/ROBIT_ROS2_HW/DAY2/install/turtlesim_control/share/turtlesim_control/hook/cmake_prefix_path.sh'
[2.715s] Level 1:colcon.colcon_core.environment:checking '/home/kgh/robot_ws/src/ROBIT_ROS2_HW/DAY2/install/turtlesim_control/lib'
[2.715s] Level 1:colcon.colcon_core.environment:checking '/home/kgh/robot_ws/src/ROBIT_ROS2_HW/DAY2/install/turtlesim_control/bin'
[2.715s] Level 1:colcon.colcon_core.environment:checking '/home/kgh/robot_ws/src/ROBIT_ROS2_HW/DAY2/install/turtlesim_control/lib/pkgconfig/turtlesim_control.pc'
[2.715s] Level 1:colcon.colcon_core.environment:checking '/home/kgh/robot_ws/src/ROBIT_ROS2_HW/DAY2/install/turtlesim_control/lib/python3.10/site-packages'
[2.715s] Level 1:colcon.colcon_core.environment:checking '/home/kgh/robot_ws/src/ROBIT_ROS2_HW/DAY2/install/turtlesim_control/bin'
[2.715s] INFO:colcon.colcon_core.shell:Creating package script '/home/kgh/robot_ws/src/ROBIT_ROS2_HW/DAY2/install/turtlesim_control/share/turtlesim_control/package.ps1'
[2.715s] INFO:colcon.colcon_core.shell:Creating package descriptor '/home/kgh/robot_ws/src/ROBIT_ROS2_HW/DAY2/install/turtlesim_control/share/turtlesim_control/package.dsv'
[2.716s] INFO:colcon.colcon_core.shell:Creating package script '/home/kgh/robot_ws/src/ROBIT_ROS2_HW/DAY2/install/turtlesim_control/share/turtlesim_control/package.sh'
[2.716s] INFO:colcon.colcon_core.shell:Creating package script '/home/kgh/robot_ws/src/ROBIT_ROS2_HW/DAY2/install/turtlesim_control/share/turtlesim_control/package.bash'
[2.716s] INFO:colcon.colcon_core.shell:Creating package script '/home/kgh/robot_ws/src/ROBIT_ROS2_HW/DAY2/install/turtlesim_control/share/turtlesim_control/package.zsh'
[2.716s] Level 1:colcon.colcon_core.environment:create_file_with_runtime_dependencies(/home/kgh/robot_ws/src/ROBIT_ROS2_HW/DAY2/install/turtlesim_control/share/colcon-core/packages/turtlesim_control)
[2.716s] DEBUG:colcon.colcon_parallel_executor.executor.parallel:closing loop
[2.716s] DEBUG:colcon.colcon_parallel_executor.executor.parallel:loop closed
[2.716s] DEBUG:colcon.colcon_parallel_executor.executor.parallel:run_until_complete finished with '0'
[2.716s] DEBUG:colcon.colcon_core.event_reactor:joining thread
[2.719s] INFO:colcon.colcon_core.plugin_system:Skipping extension 'colcon_notification.desktop_notification.terminal_notifier': Not used on non-Darwin systems
[2.719s] INFO:colcon.colcon_core.plugin_system:Skipping extension 'colcon_notification.desktop_notification.win32': Not used on non-Windows systems
[2.719s] INFO:colcon.colcon_notification.desktop_notification:Sending desktop notification using 'notify2'
[2.729s] DEBUG:colcon.colcon_core.event_reactor:joined thread
[2.729s] INFO:colcon.colcon_core.shell:Creating prefix script '/home/kgh/robot_ws/src/ROBIT_ROS2_HW/DAY2/install/local_setup.ps1'
[2.730s] INFO:colcon.colcon_core.shell:Creating prefix util module '/home/kgh/robot_ws/src/ROBIT_ROS2_HW/DAY2/install/_local_setup_util_ps1.py'
[2.731s] INFO:colcon.colcon_core.shell:Creating prefix chain script '/home/kgh/robot_ws/src/ROBIT_ROS2_HW/DAY2/install/setup.ps1'
[2.732s] INFO:colcon.colcon_core.shell:Creating prefix script '/home/kgh/robot_ws/src/ROBIT_ROS2_HW/DAY2/install/local_setup.sh'
[2.733s] INFO:colcon.colcon_core.shell:Creating prefix util module '/home/kgh/robot_ws/src/ROBIT_ROS2_HW/DAY2/install/_local_setup_util_sh.py'
[2.733s] INFO:colcon.colcon_core.shell:Creating prefix chain script '/home/kgh/robot_ws/src/ROBIT_ROS2_HW/DAY2/install/setup.sh'
[2.734s] INFO:colcon.colcon_core.shell:Creating prefix script '/home/kgh/robot_ws/src/ROBIT_ROS2_HW/DAY2/install/local_setup.bash'
[2.734s] INFO:colcon.colcon_core.shell:Creating prefix chain script '/home/kgh/robot_ws/src/ROBIT_ROS2_HW/DAY2/install/setup.bash'
[2.735s] INFO:colcon.colcon_core.shell:Creating prefix script '/home/kgh/robot_ws/src/ROBIT_ROS2_HW/DAY2/install/local_setup.zsh'
[2.735s] INFO:colcon.colcon_core.shell:Creating prefix chain script '/home/kgh/robot_ws/src/ROBIT_ROS2_HW/DAY2/install/setup.zsh'
