[0.115s] DEBUG:colcon:Command line arguments: ['/usr/bin/colcon', 'build']
[0.115s] DEBUG:colcon:Parsed command line arguments: Namespace(log_base=None, log_level=None, verb_name='build', build_base='build', install_base='install', merge_install=False, symlink_install=False, test_result_base=None, continue_on_error=False, executor='parallel', parallel_workers=20, event_handlers=None, ignore_user_meta=False, metas=['./colcon.meta'], base_paths=['.'], packages_ignore=None, packages_ignore_regex=None, paths=None, packages_up_to=None, packages_up_to_regex=None, packages_above=None, packages_above_and_dependencies=None, packages_above_depth=None, packages_select_by_dep=None, packages_skip_by_dep=None, packages_skip_up_to=None, packages_select_build_failed=False, packages_skip_build_finished=False, packages_select_test_failures=False, packages_skip_test_passed=False, packages_select=None, packages_skip=None, packages_select_regex=None, packages_skip_regex=None, packages_start=None, packages_end=None, allow_overriding=[], cmake_args=None, cmake_target=None, cmake_target_skip_unavailable=False, cmake_clean_cache=False, cmake_clean_first=False, cmake_force_configure=False, ament_cmake_args=None, catkin_cmake_args=None, catkin_skip_building_tests=False, verb_parser=<colcon_defaults.argument_parser.defaults.DefaultArgumentsDecorator object at 0x77c094adb820>, verb_extension=<colcon_core.verb.build.BuildVerb object at 0x77c094adb3d0>, main=<bound method BuildVerb.main of <colcon_core.verb.build.BuildVerb object at 0x77c094adb3d0>>)
[0.221s] Level 1:colcon.colcon_core.package_discovery:discover_packages(colcon_meta) check parameters
[0.222s] Level 1:colcon.colcon_core.package_discovery:discover_packages(recursive) check parameters
[0.222s] Level 1:colcon.colcon_core.package_discovery:discover_packages(ignore) check parameters
[0.222s] Level 1:colcon.colcon_core.package_discovery:discover_packages(path) check parameters
[0.222s] Level 1:colcon.colcon_core.package_discovery:discover_packages(colcon_meta) discover
[0.222s] Level 1:colcon.colcon_core.package_discovery:discover_packages(recursive) discover
[0.222s] INFO:colcon.colcon_core.package_discovery:Crawling recursively for packages in '/home/kgh/robot_ws/src/ROBIT_ROS2_HW/DAY2'
[0.222s] Level 1:colcon.colcon_core.package_identification:_identify(.) by extensions ['ignore', 'ignore_ament_install']
[0.222s] Level 1:colcon.colcon_core.package_identification:_identify(.) by extension 'ignore'
[0.222s] Level 1:colcon.colcon_core.package_identification:_identify(.) by extension 'ignore_ament_install'
[0.222s] Level 1:colcon.colcon_core.package_identification:_identify(.) by extensions ['colcon_pkg']
[0.222s] Level 1:colcon.colcon_core.package_identification:_identify(.) by extension 'colcon_pkg'
[0.222s] Level 1:colcon.colcon_core.package_identification:_identify(.) by extensions ['colcon_meta']
[0.222s] Level 1:colcon.colcon_core.package_identification:_identify(.) by extension 'colcon_meta'
[0.222s] Level 1:colcon.colcon_core.package_identification:_identify(.) by extensions ['ros']
[0.222s] Level 1:colcon.colcon_core.package_identification:_identify(.) by extension 'ros'
[0.229s] Level 1:colcon.colcon_core.package_identification:_identify(.) by extensions ['cmake', 'python']
[0.229s] Level 1:colcon.colcon_core.package_identification:_identify(.) by extension 'cmake'
[0.229s] Level 1:colcon.colcon_core.package_identification:_identify(.) by extension 'python'
[0.229s] Level 1:colcon.colcon_core.package_identification:_identify(.) by extensions ['python_setup_py']
[0.229s] Level 1:colcon.colcon_core.package_identification:_identify(.) by extension 'python_setup_py'
[0.229s] Level 1:colcon.colcon_core.package_identification:_identify(build) by extensions ['ignore', 'ignore_ament_install']
[0.229s] Level 1:colcon.colcon_core.package_identification:_identify(build) by extension 'ignore'
[0.229s] Level 1:colcon.colcon_core.package_identification:_identify(build) ignored
[0.230s] Level 1:colcon.colcon_core.package_identification:_identify(install) by extensions ['ignore', 'ignore_ament_install']
[0.230s] Level 1:colcon.colcon_core.package_identification:_identify(install) by extension 'ignore'
[0.230s] Level 1:colcon.colcon_core.package_identification:_identify(install) ignored
[0.230s] Level 1:colcon.colcon_core.package_identification:_identify(log) by extensions ['ignore', 'ignore_ament_install']
[0.230s] Level 1:colcon.colcon_core.package_identification:_identify(log) by extension 'ignore'
[0.230s] Level 1:colcon.colcon_core.package_identification:_identify(log) ignored
[0.230s] Level 1:colcon.colcon_core.package_identification:_identify(turtlesim_control) by extensions ['ignore', 'ignore_ament_install']
[0.230s] Level 1:colcon.colcon_core.package_identification:_identify(turtlesim_control) by extension 'ignore'
[0.230s] Level 1:colcon.colcon_core.package_identification:_identify(turtlesim_control) by extension 'ignore_ament_install'
[0.230s] Level 1:colcon.colcon_core.package_identification:_identify(turtlesim_control) by extensions ['colcon_pkg']
[0.230s] Level 1:colcon.colcon_core.package_identification:_identify(turtlesim_control) by extension 'colcon_pkg'
[0.230s] Level 1:colcon.colcon_core.package_identification:_identify(turtlesim_control) by extensions ['colcon_meta']
[0.230s] Level 1:colcon.colcon_core.package_identification:_identify(turtlesim_control) by extension 'colcon_meta'
[0.230s] Level 1:colcon.colcon_core.package_identification:_identify(turtlesim_control) by extensions ['ros']
[0.230s] Level 1:colcon.colcon_core.package_identification:_identify(turtlesim_control) by extension 'ros'
[0.232s] DEBUG:colcon.colcon_core.package_identification:Package 'turtlesim_control' with type 'ros.ament_cmake' and name 'turtlesim_control'
[0.232s] Level 1:colcon.colcon_core.package_discovery:discover_packages(recursive) using defaults
[0.232s] Level 1:colcon.colcon_core.package_discovery:discover_packages(ignore) discover
[0.232s] Level 1:colcon.colcon_core.package_discovery:discover_packages(ignore) using defaults
[0.232s] Level 1:colcon.colcon_core.package_discovery:discover_packages(path) discover
[0.232s] Level 1:colcon.colcon_core.package_discovery:discover_packages(path) using defaults
[0.246s] Level 1:colcon.colcon_core.package_discovery:discover_packages(prefix_path) check parameters
[0.247s] Level 1:colcon.colcon_core.package_discovery:discover_packages(prefix_path) discover
[0.248s] DEBUG:colcon.colcon_installed_package_information.package_discovery:Found 5 installed packages in /home/kgh/robot_ws/install
[0.249s] DEBUG:colcon.colcon_installed_package_information.package_discovery:Found 181 installed packages in /opt/ros/humble
[0.254s] Level 1:colcon.colcon_core.package_discovery:discover_packages(prefix_path) using defaults
[0.270s] Level 5:colcon.colcon_core.verb:set package 'turtlesim_control' build argument 'cmake_args' from command line to 'None'
[0.270s] Level 5:colcon.colcon_core.verb:set package 'turtlesim_control' build argument 'cmake_target' from command line to 'None'
[0.270s] Level 5:colcon.colcon_core.verb:set package 'turtlesim_control' build argument 'cmake_target_skip_unavailable' from command line to 'False'
[0.270s] Level 5:colcon.colcon_core.verb:set package 'turtlesim_control' build argument 'cmake_clean_cache' from command line to 'False'
[0.270s] Level 5:colcon.colcon_core.verb:set package 'turtlesim_control' build argument 'cmake_clean_first' from command line to 'False'
[0.270s] Level 5:colcon.colcon_core.verb:set package 'turtlesim_control' build argument 'cmake_force_configure' from command line to 'False'
[0.270s] Level 5:colcon.colcon_core.verb:set package 'turtlesim_control' build argument 'ament_cmake_args' from command line to 'None'
[0.270s] Level 5:colcon.colcon_core.verb:set package 'turtlesim_control' build argument 'catkin_cmake_args' from command line to 'None'
[0.270s] Level 5:colcon.colcon_core.verb:set package 'turtlesim_control' build argument 'catkin_skip_building_tests' from command line to 'False'
[0.270s] DEBUG:colcon.colcon_core.verb:Building package 'turtlesim_control' with the following arguments: {'ament_cmake_args': None, 'build_base': '/home/kgh/robot_ws/src/ROBIT_ROS2_HW/DAY2/build/turtlesim_control', 'catkin_cmake_args': None, 'catkin_skip_building_tests': False, 'cmake_args': None, 'cmake_clean_cache': False, 'cmake_clean_first': False, 'cmake_force_configure': False, 'cmake_target': None, 'cmake_target_skip_unavailable': False, 'install_base': '/home/kgh/robot_ws/src/ROBIT_ROS2_HW/DAY2/install/turtlesim_control', 'merge_install': False, 'path': '/home/kgh/robot_ws/src/ROBIT_ROS2_HW/DAY2/turtlesim_control', 'symlink_install': False, 'test_result_base': None}
[0.271s] INFO:colcon.colcon_core.executor:Executing jobs using 'parallel' executor
[0.271s] DEBUG:colcon.colcon_parallel_executor.executor.parallel:run_until_complete
[0.271s] INFO:colcon.colcon_ros.task.ament_cmake.build:Building ROS package in '/home/kgh/robot_ws/src/ROBIT_ROS2_HW/DAY2/turtlesim_control' with build type 'ament_cmake'
[0.271s] INFO:colcon.colcon_cmake.task.cmake.build:Building CMake package in '/home/kgh/robot_ws/src/ROBIT_ROS2_HW/DAY2/turtlesim_control'
[0.274s] INFO:colcon.colcon_core.plugin_system:Skipping extension 'colcon_core.shell.bat': Not used on non-Windows systems
[0.274s] INFO:colcon.colcon_core.shell:Skip shell extension 'powershell' for command environment: Not usable outside of PowerShell
[0.274s] DEBUG:colcon.colcon_core.shell:Skip shell extension 'dsv' for command environment
[0.279s] DEBUG:colcon.colcon_core.event_handler.log_command:Invoking command in '/home/kgh/robot_ws/src/ROBIT_ROS2_HW/DAY2/build/turtlesim_control': CMAKE_PREFIX_PATH=${CMAKE_PREFIX_PATH}:/opt/ros/humble /usr/bin/cmake /home/kgh/robot_ws/src/ROBIT_ROS2_HW/DAY2/turtlesim_control -DCMAKE_INSTALL_PREFIX=/home/kgh/robot_ws/src/ROBIT_ROS2_HW/DAY2/install/turtlesim_control
[1.071s] DEBUG:colcon.colcon_core.event_handler.log_command:Invoked command in '/home/kgh/robot_ws/src/ROBIT_ROS2_HW/DAY2/build/turtlesim_control' returned '1': CMAKE_PREFIX_PATH=${CMAKE_PREFIX_PATH}:/opt/ros/humble /usr/bin/cmake /home/kgh/robot_ws/src/ROBIT_ROS2_HW/DAY2/turtlesim_control -DCMAKE_INSTALL_PREFIX=/home/kgh/robot_ws/src/ROBIT_ROS2_HW/DAY2/install/turtlesim_control
[1.080s] Level 1:colcon.colcon_core.environment:create_environment_scripts_only(turtlesim_control)
[1.083s] Level 1:colcon.colcon_core.environment:checking '/home/kgh/robot_ws/src/ROBIT_ROS2_HW/DAY2/install/turtlesim_control' for CMake module files
[1.083s] Level 1:colcon.colcon_core.environment:checking '/home/kgh/robot_ws/src/ROBIT_ROS2_HW/DAY2/install/turtlesim_control' for CMake config files
[1.084s] Level 1:colcon.colcon_core.environment:checking '/home/kgh/robot_ws/src/ROBIT_ROS2_HW/DAY2/install/turtlesim_control/bin'
[1.084s] Level 1:colcon.colcon_core.environment:checking '/home/kgh/robot_ws/src/ROBIT_ROS2_HW/DAY2/install/turtlesim_control/lib/pkgconfig/turtlesim_control.pc'
[1.084s] Level 1:colcon.colcon_core.environment:checking '/home/kgh/robot_ws/src/ROBIT_ROS2_HW/DAY2/install/turtlesim_control/lib/python3.10/site-packages'
[1.084s] Level 1:colcon.colcon_core.environment:checking '/home/kgh/robot_ws/src/ROBIT_ROS2_HW/DAY2/install/turtlesim_control/bin'
[1.084s] INFO:colcon.colcon_core.shell:Creating package script '/home/kgh/robot_ws/src/ROBIT_ROS2_HW/DAY2/install/turtlesim_control/share/turtlesim_control/package.ps1'
[1.085s] INFO:colcon.colcon_core.shell:Creating package descriptor '/home/kgh/robot_ws/src/ROBIT_ROS2_HW/DAY2/install/turtlesim_control/share/turtlesim_control/package.dsv'
[1.085s] INFO:colcon.colcon_core.shell:Creating package script '/home/kgh/robot_ws/src/ROBIT_ROS2_HW/DAY2/install/turtlesim_control/share/turtlesim_control/package.sh'
[1.086s] INFO:colcon.colcon_core.shell:Creating package script '/home/kgh/robot_ws/src/ROBIT_ROS2_HW/DAY2/install/turtlesim_control/share/turtlesim_control/package.bash'
[1.086s] INFO:colcon.colcon_core.shell:Creating package script '/home/kgh/robot_ws/src/ROBIT_ROS2_HW/DAY2/install/turtlesim_control/share/turtlesim_control/package.zsh'
[1.087s] Level 1:colcon.colcon_core.environment:create_file_with_runtime_dependencies(/home/kgh/robot_ws/src/ROBIT_ROS2_HW/DAY2/install/turtlesim_control/share/colcon-core/packages/turtlesim_control)
[1.097s] DEBUG:colcon.colcon_parallel_executor.executor.parallel:closing loop
[1.097s] DEBUG:colcon.colcon_parallel_executor.executor.parallel:loop closed
[1.097s] DEBUG:colcon.colcon_parallel_executor.executor.parallel:run_until_complete finished with '1'
[1.097s] DEBUG:colcon.colcon_core.event_reactor:joining thread
[1.103s] INFO:colcon.colcon_core.plugin_system:Skipping extension 'colcon_notification.desktop_notification.terminal_notifier': Not used on non-Darwin systems
[1.103s] INFO:colcon.colcon_core.plugin_system:Skipping extension 'colcon_notification.desktop_notification.win32': Not used on non-Windows systems
[1.103s] INFO:colcon.colcon_notification.desktop_notification:Sending desktop notification using 'notify2'
[1.120s] DEBUG:colcon.colcon_core.event_reactor:joined thread
[1.120s] INFO:colcon.colcon_core.shell:Creating prefix script '/home/kgh/robot_ws/src/ROBIT_ROS2_HW/DAY2/install/local_setup.ps1'
[1.121s] INFO:colcon.colcon_core.shell:Creating prefix util module '/home/kgh/robot_ws/src/ROBIT_ROS2_HW/DAY2/install/_local_setup_util_ps1.py'
[1.122s] INFO:colcon.colcon_core.shell:Creating prefix chain script '/home/kgh/robot_ws/src/ROBIT_ROS2_HW/DAY2/install/setup.ps1'
[1.122s] INFO:colcon.colcon_core.shell:Creating prefix script '/home/kgh/robot_ws/src/ROBIT_ROS2_HW/DAY2/install/local_setup.sh'
[1.123s] INFO:colcon.colcon_core.shell:Creating prefix util module '/home/kgh/robot_ws/src/ROBIT_ROS2_HW/DAY2/install/_local_setup_util_sh.py'
[1.123s] INFO:colcon.colcon_core.shell:Creating prefix chain script '/home/kgh/robot_ws/src/ROBIT_ROS2_HW/DAY2/install/setup.sh'
[1.124s] INFO:colcon.colcon_core.shell:Creating prefix script '/home/kgh/robot_ws/src/ROBIT_ROS2_HW/DAY2/install/local_setup.bash'
[1.124s] INFO:colcon.colcon_core.shell:Creating prefix chain script '/home/kgh/robot_ws/src/ROBIT_ROS2_HW/DAY2/install/setup.bash'
[1.125s] INFO:colcon.colcon_core.shell:Creating prefix script '/home/kgh/robot_ws/src/ROBIT_ROS2_HW/DAY2/install/local_setup.zsh'
[1.125s] INFO:colcon.colcon_core.shell:Creating prefix chain script '/home/kgh/robot_ws/src/ROBIT_ROS2_HW/DAY2/install/setup.zsh'
