[0.074s] DEBUG:colcon:Command line arguments: ['/usr/bin/colcon', 'build']
[0.074s] DEBUG:colcon:Parsed command line arguments: Namespace(log_base=None, log_level=None, verb_name='build', build_base='build', install_base='install', merge_install=False, symlink_install=False, test_result_base=None, continue_on_error=False, executor='parallel', parallel_workers=20, event_handlers=None, ignore_user_meta=False, metas=['./colcon.meta'], base_paths=['.'], packages_ignore=None, packages_ignore_regex=None, paths=None, packages_up_to=None, packages_up_to_regex=None, packages_above=None, packages_above_and_dependencies=None, packages_above_depth=None, packages_select_by_dep=None, packages_skip_by_dep=None, packages_skip_up_to=None, packages_select_build_failed=False, packages_skip_build_finished=False, packages_select_test_failures=False, packages_skip_test_passed=False, packages_select=None, packages_skip=None, packages_select_regex=None, packages_skip_regex=None, packages_start=None, packages_end=None, allow_overriding=[], cmake_args=None, cmake_target=None, cmake_target_skip_unavailable=False, cmake_clean_cache=False, cmake_clean_first=False, cmake_force_configure=False, ament_cmake_args=None, catkin_cmake_args=None, catkin_skip_building_tests=False, verb_parser=<colcon_defaults.argument_parser.defaults.DefaultArgumentsDecorator object at 0x724f5e7f3850>, verb_extension=<colcon_core.verb.build.BuildVerb object at 0x724f5e7f3400>, main=<bound method BuildVerb.main of <colcon_core.verb.build.BuildVerb object at 0x724f5e7f3400>>)
[0.180s] Level 1:colcon.colcon_core.package_discovery:discover_packages(colcon_meta) check parameters
[0.180s] Level 1:colcon.colcon_core.package_discovery:discover_packages(recursive) check parameters
[0.180s] Level 1:colcon.colcon_core.package_discovery:discover_packages(ignore) check parameters
[0.180s] Level 1:colcon.colcon_core.package_discovery:discover_packages(path) check parameters
[0.180s] Level 1:colcon.colcon_core.package_discovery:discover_packages(colcon_meta) discover
[0.180s] Level 1:colcon.colcon_core.package_discovery:discover_packages(recursive) discover
[0.180s] INFO:colcon.colcon_core.package_discovery:Crawling recursively for packages in '/home/kgh/GITHUB/ROBIT_ROS2_HW/DAY1/turtlesim_cli'
[0.180s] Level 1:colcon.colcon_core.package_identification:_identify(.) by extensions ['ignore', 'ignore_ament_install']
[0.180s] Level 1:colcon.colcon_core.package_identification:_identify(.) by extension 'ignore'
[0.180s] Level 1:colcon.colcon_core.package_identification:_identify(.) by extension 'ignore_ament_install'
[0.180s] Level 1:colcon.colcon_core.package_identification:_identify(.) by extensions ['colcon_pkg']
[0.180s] Level 1:colcon.colcon_core.package_identification:_identify(.) by extension 'colcon_pkg'
[0.180s] Level 1:colcon.colcon_core.package_identification:_identify(.) by extensions ['colcon_meta']
[0.180s] Level 1:colcon.colcon_core.package_identification:_identify(.) by extension 'colcon_meta'
[0.180s] Level 1:colcon.colcon_core.package_identification:_identify(.) by extensions ['ros']
[0.180s] Level 1:colcon.colcon_core.package_identification:_identify(.) by extension 'ros'
[0.192s] DEBUG:colcon.colcon_core.package_identification:Package '.' with type 'ros.ament_cmake' and name 'turtlesim_cli'
[0.192s] Level 1:colcon.colcon_core.package_discovery:discover_packages(recursive) using defaults
[0.192s] Level 1:colcon.colcon_core.package_discovery:discover_packages(ignore) discover
[0.192s] Level 1:colcon.colcon_core.package_discovery:discover_packages(ignore) using defaults
[0.192s] Level 1:colcon.colcon_core.package_discovery:discover_packages(path) discover
[0.192s] Level 1:colcon.colcon_core.package_discovery:discover_packages(path) using defaults
[0.207s] Level 1:colcon.colcon_core.package_discovery:discover_packages(prefix_path) check parameters
[0.208s] Level 1:colcon.colcon_core.package_discovery:discover_packages(prefix_path) discover
[0.209s] DEBUG:colcon.colcon_installed_package_information.package_discovery:Found 1 installed packages in /home/kgh/GITHUB/ROBIT_ROS2_HW/DAY1/turtlesim_cli/install
[0.209s] DEBUG:colcon.colcon_installed_package_information.package_discovery:Found 5 installed packages in /home/kgh/robot_ws/install
[0.210s] DEBUG:colcon.colcon_installed_package_information.package_discovery:Found 181 installed packages in /opt/ros/humble
[0.218s] Level 1:colcon.colcon_core.package_discovery:discover_packages(prefix_path) using defaults
[0.235s] Level 5:colcon.colcon_core.verb:set package 'turtlesim_cli' build argument 'cmake_args' from command line to 'None'
[0.235s] Level 5:colcon.colcon_core.verb:set package 'turtlesim_cli' build argument 'cmake_target' from command line to 'None'
[0.235s] Level 5:colcon.colcon_core.verb:set package 'turtlesim_cli' build argument 'cmake_target_skip_unavailable' from command line to 'False'
[0.235s] Level 5:colcon.colcon_core.verb:set package 'turtlesim_cli' build argument 'cmake_clean_cache' from command line to 'False'
[0.235s] Level 5:colcon.colcon_core.verb:set package 'turtlesim_cli' build argument 'cmake_clean_first' from command line to 'False'
[0.235s] Level 5:colcon.colcon_core.verb:set package 'turtlesim_cli' build argument 'cmake_force_configure' from command line to 'False'
[0.235s] Level 5:colcon.colcon_core.verb:set package 'turtlesim_cli' build argument 'ament_cmake_args' from command line to 'None'
[0.235s] Level 5:colcon.colcon_core.verb:set package 'turtlesim_cli' build argument 'catkin_cmake_args' from command line to 'None'
[0.235s] Level 5:colcon.colcon_core.verb:set package 'turtlesim_cli' build argument 'catkin_skip_building_tests' from command line to 'False'
[0.235s] DEBUG:colcon.colcon_core.verb:Building package 'turtlesim_cli' with the following arguments: {'ament_cmake_args': None, 'build_base': '/home/kgh/GITHUB/ROBIT_ROS2_HW/DAY1/turtlesim_cli/build/turtlesim_cli', 'catkin_cmake_args': None, 'catkin_skip_building_tests': False, 'cmake_args': None, 'cmake_clean_cache': False, 'cmake_clean_first': False, 'cmake_force_configure': False, 'cmake_target': None, 'cmake_target_skip_unavailable': False, 'install_base': '/home/kgh/GITHUB/ROBIT_ROS2_HW/DAY1/turtlesim_cli/install/turtlesim_cli', 'merge_install': False, 'path': '/home/kgh/GITHUB/ROBIT_ROS2_HW/DAY1/turtlesim_cli', 'symlink_install': False, 'test_result_base': None}
[0.235s] INFO:colcon.colcon_core.executor:Executing jobs using 'parallel' executor
[0.236s] DEBUG:colcon.colcon_parallel_executor.executor.parallel:run_until_complete
[0.236s] INFO:colcon.colcon_ros.task.ament_cmake.build:Building ROS package in '/home/kgh/GITHUB/ROBIT_ROS2_HW/DAY1/turtlesim_cli' with build type 'ament_cmake'
[0.237s] INFO:colcon.colcon_cmake.task.cmake.build:Building CMake package in '/home/kgh/GITHUB/ROBIT_ROS2_HW/DAY1/turtlesim_cli'
[0.239s] INFO:colcon.colcon_core.plugin_system:Skipping extension 'colcon_core.shell.bat': Not used on non-Windows systems
[0.239s] INFO:colcon.colcon_core.shell:Skip shell extension 'powershell' for command environment: Not usable outside of PowerShell
[0.239s] DEBUG:colcon.colcon_core.shell:Skip shell extension 'dsv' for command environment
[0.247s] DEBUG:colcon.colcon_core.event_handler.log_command:Invoking command in '/home/kgh/GITHUB/ROBIT_ROS2_HW/DAY1/turtlesim_cli/build/turtlesim_cli': CMAKE_PREFIX_PATH=${CMAKE_PREFIX_PATH}:/opt/ros/humble /usr/bin/cmake --build /home/kgh/GITHUB/ROBIT_ROS2_HW/DAY1/turtlesim_cli/build/turtlesim_cli -- -j20 -l20
[5.916s] DEBUG:colcon.colcon_core.event_handler.log_command:Invoked command in '/home/kgh/GITHUB/ROBIT_ROS2_HW/DAY1/turtlesim_cli/build/turtlesim_cli' returned '0': CMAKE_PREFIX_PATH=${CMAKE_PREFIX_PATH}:/opt/ros/humble /usr/bin/cmake --build /home/kgh/GITHUB/ROBIT_ROS2_HW/DAY1/turtlesim_cli/build/turtlesim_cli -- -j20 -l20
[5.951s] DEBUG:colcon.colcon_core.event_handler.log_command:Invoking command in '/home/kgh/GITHUB/ROBIT_ROS2_HW/DAY1/turtlesim_cli/build/turtlesim_cli': CMAKE_PREFIX_PATH=${CMAKE_PREFIX_PATH}:/opt/ros/humble /usr/bin/cmake --install /home/kgh/GITHUB/ROBIT_ROS2_HW/DAY1/turtlesim_cli/build/turtlesim_cli
[5.966s] Level 1:colcon.colcon_core.environment:create_environment_scripts_only(turtlesim_cli)
[5.970s] Level 1:colcon.colcon_core.environment:checking '/home/kgh/GITHUB/ROBIT_ROS2_HW/DAY1/turtlesim_cli/install/turtlesim_cli' for CMake module files
[5.971s] DEBUG:colcon.colcon_core.event_handler.log_command:Invoked command in '/home/kgh/GITHUB/ROBIT_ROS2_HW/DAY1/turtlesim_cli/build/turtlesim_cli' returned '0': CMAKE_PREFIX_PATH=${CMAKE_PREFIX_PATH}:/opt/ros/humble /usr/bin/cmake --install /home/kgh/GITHUB/ROBIT_ROS2_HW/DAY1/turtlesim_cli/build/turtlesim_cli
[5.971s] Level 1:colcon.colcon_core.environment:checking '/home/kgh/GITHUB/ROBIT_ROS2_HW/DAY1/turtlesim_cli/install/turtlesim_cli' for CMake config files
[5.972s] Level 1:colcon.colcon_core.shell:create_environment_hook('turtlesim_cli', 'cmake_prefix_path')
[5.972s] INFO:colcon.colcon_core.shell:Creating environment hook '/home/kgh/GITHUB/ROBIT_ROS2_HW/DAY1/turtlesim_cli/install/turtlesim_cli/share/turtlesim_cli/hook/cmake_prefix_path.ps1'
[5.972s] INFO:colcon.colcon_core.shell:Creating environment descriptor '/home/kgh/GITHUB/ROBIT_ROS2_HW/DAY1/turtlesim_cli/install/turtlesim_cli/share/turtlesim_cli/hook/cmake_prefix_path.dsv'
[5.973s] INFO:colcon.colcon_core.shell:Creating environment hook '/home/kgh/GITHUB/ROBIT_ROS2_HW/DAY1/turtlesim_cli/install/turtlesim_cli/share/turtlesim_cli/hook/cmake_prefix_path.sh'
[5.974s] Level 1:colcon.colcon_core.environment:checking '/home/kgh/GITHUB/ROBIT_ROS2_HW/DAY1/turtlesim_cli/install/turtlesim_cli/lib'
[5.974s] Level 1:colcon.colcon_core.environment:checking '/home/kgh/GITHUB/ROBIT_ROS2_HW/DAY1/turtlesim_cli/install/turtlesim_cli/bin'
[5.974s] Level 1:colcon.colcon_core.environment:checking '/home/kgh/GITHUB/ROBIT_ROS2_HW/DAY1/turtlesim_cli/install/turtlesim_cli/lib/pkgconfig/turtlesim_cli.pc'
[5.975s] Level 1:colcon.colcon_core.environment:checking '/home/kgh/GITHUB/ROBIT_ROS2_HW/DAY1/turtlesim_cli/install/turtlesim_cli/lib/python3.10/site-packages'
[5.975s] Level 1:colcon.colcon_core.environment:checking '/home/kgh/GITHUB/ROBIT_ROS2_HW/DAY1/turtlesim_cli/install/turtlesim_cli/bin'
[5.975s] INFO:colcon.colcon_core.shell:Creating package script '/home/kgh/GITHUB/ROBIT_ROS2_HW/DAY1/turtlesim_cli/install/turtlesim_cli/share/turtlesim_cli/package.ps1'
[5.976s] INFO:colcon.colcon_core.shell:Creating package descriptor '/home/kgh/GITHUB/ROBIT_ROS2_HW/DAY1/turtlesim_cli/install/turtlesim_cli/share/turtlesim_cli/package.dsv'
[5.976s] INFO:colcon.colcon_core.shell:Creating package script '/home/kgh/GITHUB/ROBIT_ROS2_HW/DAY1/turtlesim_cli/install/turtlesim_cli/share/turtlesim_cli/package.sh'
[5.977s] INFO:colcon.colcon_core.shell:Creating package script '/home/kgh/GITHUB/ROBIT_ROS2_HW/DAY1/turtlesim_cli/install/turtlesim_cli/share/turtlesim_cli/package.bash'
[5.978s] INFO:colcon.colcon_core.shell:Creating package script '/home/kgh/GITHUB/ROBIT_ROS2_HW/DAY1/turtlesim_cli/install/turtlesim_cli/share/turtlesim_cli/package.zsh'
[5.978s] Level 1:colcon.colcon_core.environment:create_file_with_runtime_dependencies(/home/kgh/GITHUB/ROBIT_ROS2_HW/DAY1/turtlesim_cli/install/turtlesim_cli/share/colcon-core/packages/turtlesim_cli)
[6.007s] Level 1:colcon.colcon_core.environment:create_environment_scripts_only(turtlesim_cli)
[6.007s] Level 1:colcon.colcon_core.environment:checking '/home/kgh/GITHUB/ROBIT_ROS2_HW/DAY1/turtlesim_cli/install/turtlesim_cli' for CMake module files
[6.008s] Level 1:colcon.colcon_core.environment:checking '/home/kgh/GITHUB/ROBIT_ROS2_HW/DAY1/turtlesim_cli/install/turtlesim_cli' for CMake config files
[6.008s] Level 1:colcon.colcon_core.shell:create_environment_hook('turtlesim_cli', 'cmake_prefix_path')
[6.008s] INFO:colcon.colcon_core.shell:Creating environment hook '/home/kgh/GITHUB/ROBIT_ROS2_HW/DAY1/turtlesim_cli/install/turtlesim_cli/share/turtlesim_cli/hook/cmake_prefix_path.ps1'
[6.009s] INFO:colcon.colcon_core.shell:Creating environment descriptor '/home/kgh/GITHUB/ROBIT_ROS2_HW/DAY1/turtlesim_cli/install/turtlesim_cli/share/turtlesim_cli/hook/cmake_prefix_path.dsv'
[6.009s] INFO:colcon.colcon_core.shell:Creating environment hook '/home/kgh/GITHUB/ROBIT_ROS2_HW/DAY1/turtlesim_cli/install/turtlesim_cli/share/turtlesim_cli/hook/cmake_prefix_path.sh'
[6.010s] Level 1:colcon.colcon_core.environment:checking '/home/kgh/GITHUB/ROBIT_ROS2_HW/DAY1/turtlesim_cli/install/turtlesim_cli/lib'
[6.010s] Level 1:colcon.colcon_core.environment:checking '/home/kgh/GITHUB/ROBIT_ROS2_HW/DAY1/turtlesim_cli/install/turtlesim_cli/bin'
[6.010s] Level 1:colcon.colcon_core.environment:checking '/home/kgh/GITHUB/ROBIT_ROS2_HW/DAY1/turtlesim_cli/install/turtlesim_cli/lib/pkgconfig/turtlesim_cli.pc'
[6.010s] Level 1:colcon.colcon_core.environment:checking '/home/kgh/GITHUB/ROBIT_ROS2_HW/DAY1/turtlesim_cli/install/turtlesim_cli/lib/python3.10/site-packages'
[6.010s] Level 1:colcon.colcon_core.environment:checking '/home/kgh/GITHUB/ROBIT_ROS2_HW/DAY1/turtlesim_cli/install/turtlesim_cli/bin'
[6.011s] INFO:colcon.colcon_core.shell:Creating package script '/home/kgh/GITHUB/ROBIT_ROS2_HW/DAY1/turtlesim_cli/install/turtlesim_cli/share/turtlesim_cli/package.ps1'
[6.011s] INFO:colcon.colcon_core.shell:Creating package descriptor '/home/kgh/GITHUB/ROBIT_ROS2_HW/DAY1/turtlesim_cli/install/turtlesim_cli/share/turtlesim_cli/package.dsv'
[6.012s] INFO:colcon.colcon_core.shell:Creating package script '/home/kgh/GITHUB/ROBIT_ROS2_HW/DAY1/turtlesim_cli/install/turtlesim_cli/share/turtlesim_cli/package.sh'
[6.012s] INFO:colcon.colcon_core.shell:Creating package script '/home/kgh/GITHUB/ROBIT_ROS2_HW/DAY1/turtlesim_cli/install/turtlesim_cli/share/turtlesim_cli/package.bash'
[6.013s] INFO:colcon.colcon_core.shell:Creating package script '/home/kgh/GITHUB/ROBIT_ROS2_HW/DAY1/turtlesim_cli/install/turtlesim_cli/share/turtlesim_cli/package.zsh'
[6.013s] Level 1:colcon.colcon_core.environment:create_file_with_runtime_dependencies(/home/kgh/GITHUB/ROBIT_ROS2_HW/DAY1/turtlesim_cli/install/turtlesim_cli/share/colcon-core/packages/turtlesim_cli)
[6.014s] DEBUG:colcon.colcon_parallel_executor.executor.parallel:closing loop
[6.014s] DEBUG:colcon.colcon_parallel_executor.executor.parallel:loop closed
[6.014s] DEBUG:colcon.colcon_parallel_executor.executor.parallel:run_until_complete finished with '0'
[6.014s] DEBUG:colcon.colcon_core.event_reactor:joining thread
[6.019s] INFO:colcon.colcon_core.plugin_system:Skipping extension 'colcon_notification.desktop_notification.terminal_notifier': Not used on non-Darwin systems
[6.019s] INFO:colcon.colcon_core.plugin_system:Skipping extension 'colcon_notification.desktop_notification.win32': Not used on non-Windows systems
[6.019s] INFO:colcon.colcon_notification.desktop_notification:Sending desktop notification using 'notify2'
[6.030s] DEBUG:colcon.colcon_core.event_reactor:joined thread
[6.030s] INFO:colcon.colcon_core.shell:Creating prefix script '/home/kgh/GITHUB/ROBIT_ROS2_HW/DAY1/turtlesim_cli/install/local_setup.ps1'
[6.032s] INFO:colcon.colcon_core.shell:Creating prefix util module '/home/kgh/GITHUB/ROBIT_ROS2_HW/DAY1/turtlesim_cli/install/_local_setup_util_ps1.py'
[6.033s] INFO:colcon.colcon_core.shell:Creating prefix chain script '/home/kgh/GITHUB/ROBIT_ROS2_HW/DAY1/turtlesim_cli/install/setup.ps1'
[6.034s] INFO:colcon.colcon_core.shell:Creating prefix script '/home/kgh/GITHUB/ROBIT_ROS2_HW/DAY1/turtlesim_cli/install/local_setup.sh'
[6.034s] INFO:colcon.colcon_core.shell:Creating prefix util module '/home/kgh/GITHUB/ROBIT_ROS2_HW/DAY1/turtlesim_cli/install/_local_setup_util_sh.py'
[6.035s] INFO:colcon.colcon_core.shell:Creating prefix chain script '/home/kgh/GITHUB/ROBIT_ROS2_HW/DAY1/turtlesim_cli/install/setup.sh'
[6.036s] INFO:colcon.colcon_core.shell:Creating prefix script '/home/kgh/GITHUB/ROBIT_ROS2_HW/DAY1/turtlesim_cli/install/local_setup.bash'
[6.037s] INFO:colcon.colcon_core.shell:Creating prefix chain script '/home/kgh/GITHUB/ROBIT_ROS2_HW/DAY1/turtlesim_cli/install/setup.bash'
[6.038s] INFO:colcon.colcon_core.shell:Creating prefix script '/home/kgh/GITHUB/ROBIT_ROS2_HW/DAY1/turtlesim_cli/install/local_setup.zsh'
[6.038s] INFO:colcon.colcon_core.shell:Creating prefix chain script '/home/kgh/GITHUB/ROBIT_ROS2_HW/DAY1/turtlesim_cli/install/setup.zsh'
