[0.006s] Invoking command in '/home/kgh/robot_ws/src/ROBIT_ROS2_HW/DAY2/build/turtlesim_control': CMAKE_PREFIX_PATH=${CMAKE_PREFIX_PATH}:/opt/ros/humble /usr/bin/cmake /home/kgh/robot_ws/src/ROBIT_ROS2_HW/DAY2/turtlesim_control -DCMAKE_INSTALL_PREFIX=/home/kgh/robot_ws/src/ROBIT_ROS2_HW/DAY2/install/turtlesim_control
[0.013s] -- Found ament_cmake: 1.3.10 (/opt/ros/humble/share/ament_cmake/cmake)
[0.089s] -- Found rclcpp: 16.0.10 (/opt/ros/humble/share/rclcpp/cmake)
[0.103s] -- Found rosidl_generator_c: 3.1.5 (/opt/ros/humble/share/rosidl_generator_c/cmake)
[0.104s] -- Found rosidl_adapter: 3.1.5 (/opt/ros/humble/share/rosidl_adapter/cmake)
[0.108s] -- Found rosidl_generator_cpp: 3.1.5 (/opt/ros/humble/share/rosidl_generator_cpp/cmake)
[0.113s] -- Using all available rosidl_typesupport_c: rosidl_typesupport_fastrtps_c;rosidl_typesupport_introspection_c
[0.121s] -- Using all available rosidl_typesupport_cpp: rosidl_typesupport_fastrtps_cpp;rosidl_typesupport_introspection_cpp
[0.138s] -- Found rmw_implementation_cmake: 6.1.2 (/opt/ros/humble/share/rmw_implementation_cmake/cmake)
[0.139s] -- Found rmw_fastrtps_cpp: 6.2.7 (/opt/ros/humble/share/rmw_fastrtps_cpp/cmake)
[0.195s] -- Using RMW implementation 'rmw_fastrtps_cpp' as default
[0.232s] -- Found ament_lint_auto: 0.12.11 (/opt/ros/humble/share/ament_lint_auto/cmake)
[0.270s] -- Added test 'copyright' to check source files copyright and LICENSE
[0.271s] -- Added test 'cppcheck' to perform static code analysis on C / C++ code
[0.271s] -- Configured cppcheck include dirs: /home/kgh/robot_ws/src/ROBIT_ROS2_HW/DAY2/turtlesim_control/include/turtlesim_control
[0.271s] -- Configured cppcheck exclude dirs and/or files: 
[0.271s] -- Added test 'cpplint' to check C / C++ code against the Google style
[0.271s] -- Configured cpplint exclude dirs and/or files: 
[0.271s] -- Added test 'lint_cmake' to check CMake code style
[0.272s] -- Added test 'uncrustify' to check C / C++ code style
[0.272s] -- Configured uncrustify additional arguments: 
[0.272s] -- Added test 'xmllint' to check XML markup files
[0.273s] -- Configuring done
[0.277s] [31mCMake Error in CMakeLists.txt:
[0.277s]   Cannot find source file:
[0.277s] 
[0.277s]     /home/kgh/robot_ws/src/ROBIT_ROS2_HW/DAY2/turtlesim_control/resource/resources.qrc
[0.277s] 
[0.277s]   Tried extensions .c .C .c++ .cc .cpp .cxx .cu .mpp .m .M .mm .ixx .cppm .h
[0.277s]   .hh .h++ .hm .hpp .hxx .in .txx .f .F .for .f77 .f90 .f95 .f03 .hip .ispc
[0.277s] 
[0.277s] [0m
[0.283s] -- Generating done
[0.283s] [0mCMake Generate step failed.  Build files cannot be regenerated correctly.[0m
[0.289s] Invoked command in '/home/kgh/robot_ws/src/ROBIT_ROS2_HW/DAY2/build/turtlesim_control' returned '1': CMAKE_PREFIX_PATH=${CMAKE_PREFIX_PATH}:/opt/ros/humble /usr/bin/cmake /home/kgh/robot_ws/src/ROBIT_ROS2_HW/DAY2/turtlesim_control -DCMAKE_INSTALL_PREFIX=/home/kgh/robot_ws/src/ROBIT_ROS2_HW/DAY2/install/turtlesim_control
