-- Found ament_cmake: 1.3.10 (/opt/ros/humble/share/ament_cmake/cmake)
-- Found rclcpp: 16.0.10 (/opt/ros/humble/share/rclcpp/cmake)
-- Found rosidl_generator_c: 3.1.5 (/opt/ros/humble/share/rosidl_generator_c/cmake)
-- Found rosidl_adapter: 3.1.5 (/opt/ros/humble/share/rosidl_adapter/cmake)
-- Found rosidl_generator_cpp: 3.1.5 (/opt/ros/humble/share/rosidl_generator_cpp/cmake)
-- Using all available rosidl_typesupport_c: rosidl_typesupport_fastrtps_c;rosidl_typesupport_introspection_c
-- Using all available rosidl_typesupport_cpp: rosidl_typesupport_fastrtps_cpp;rosidl_typesupport_introspection_cpp
-- Found rmw_implementation_cmake: 6.1.2 (/opt/ros/humble/share/rmw_implementation_cmake/cmake)
-- Found rmw_fastrtps_cpp: 6.2.7 (/opt/ros/humble/share/rmw_fastrtps_cpp/cmake)
-- Using RMW implementation 'rmw_fastrtps_cpp' as default
-- Found ament_lint_auto: 0.12.11 (/opt/ros/humble/share/ament_lint_auto/cmake)
-- Added test 'copyright' to check source files copyright and LICENSE
-- Added test 'cppcheck' to perform static code analysis on C / C++ code
-- Configured cppcheck include dirs: /home/kgh/robot_ws/src/ROBIT_ROS2_HW/DAY2/turtlesim_control/include/turtlesim_control
-- Configured cppcheck exclude dirs and/or files: 
-- Added test 'cpplint' to check C / C++ code against the Google style
-- Configured cpplint exclude dirs and/or files: 
-- Added test 'lint_cmake' to check CMake code style
-- Added test 'uncrustify' to check C / C++ code style
-- Configured uncrustify additional arguments: 
-- Added test 'xmllint' to check XML markup files
-- Configuring done
-- Generating done
-- Build files have been written to: /home/kgh/robot_ws/src/ROBIT_ROS2_HW/DAY2/build/turtlesim_control
[ 36%] [34m[1mGenerating qrc_images.cpp[0m
[ 36%] [34m[1mGenerating ui_mainwindow.h[0m
[ 36%] [34m[1mGenerating include/turtlesim_control/moc_main_window.cpp[0m
[ 36%] [34m[1mGenerating include/turtlesim_control/moc_qnode.cpp[0m
[ 45%] [32mBuilding CXX object CMakeFiles/turtlesim_control.dir/include/turtlesim_control/moc_qnode.cpp.o[0m
[ 63%] [32mBuilding CXX object CMakeFiles/turtlesim_control.dir/qrc_images.cpp.o[0m
[ 63%] [32mBuilding CXX object CMakeFiles/turtlesim_control.dir/src/main_window.cpp.o[0m
[ 72%] [32mBuilding CXX object CMakeFiles/turtlesim_control.dir/src/main.cpp.o[0m
[ 81%] [32mBuilding CXX object CMakeFiles/turtlesim_control.dir/src/qnode.cpp.o[0m
[ 90%] [32mBuilding CXX object CMakeFiles/turtlesim_control.dir/include/turtlesim_control/moc_main_window.cpp.o[0m
[100%] [32m[1mLinking CXX executable turtlesim_control[0m
